10:17:24 debug: 2025/10/31上午10:17:24
10:17:24 debug: Project: D:\workspace\cocosworkspace\dynamicListZip
10:17:24 debug: Targets: editor,preview
10:17:24 debug: Incremental file seems great.
10:17:24 debug: Engine path: C:\ProgramData\cocos\editors\Creator\3.8.3\resources\resources\3d\engine
10:17:24 debug: Initializing target [Editor]
10:17:24 debug: Loading cache
10:17:24 debug: Loading cache costs 24.671899795532227ms.
10:17:24 debug: Engine features shipped in editor: base,gfx-webgl,gfx-webgl2,gfx-empty,3d,animation,skeletal-animation,2d,ui,particle,particle-2d,physics-framework,physics-2d-framework,physics-2d-box2d-wasm,intersection-2d,primitive,profiler,occlusion-query,geometry-renderer,debug-renderer,audio,video,xr,light-probe,terrain,webview,tween,tiled-map,spine,dragon-bones,marionette,procedural-animation,custom-pipeline,websocket,websocket-server,meshopt
10:17:24 debug: Our import map(foo:/bar): {
  "imports": {
    "cc": "cce:/internal/x/cc"
  }
}
10:17:24 debug: Initializing target [Preview]
10:17:24 debug: Loading cache
10:17:24 debug: Loading cache costs 19.498600006103516ms.
10:17:24 debug: Our import map(foo:/bar): {
  "imports": {
    "cc": "cce:/internal/x/cc"
  }
}
10:17:24 debug: Sync engine features: 2d,animation,audio,base,dragon-bones,gfx-webgl,gfx-webgl2,intersection-2d,meshopt,particle-2d,physics-2d-box2d,profiler,spine,tiled-map,tween,ui,video,webview
10:17:24 debug: Reset databases. Enumerated domains: [
  {
    "root": "db://internal/",
    "physical": "C:\\ProgramData\\cocos\\editors\\Creator\\3.8.3\\resources\\resources\\3d\\engine\\editor\\assets"
  },
  {
    "root": "db://assets/",
    "physical": "D:\\workspace\\cocosworkspace\\dynamicListZip\\assets"
  }
]
10:17:24 debug: Our import map(foo:/bar): {
  "imports": {
    "cc": "cce:/internal/x/cc",
    "db://internal/": "file:///C:/ProgramData/cocos/editors/Creator/3.8.3/resources/resources/3d/engine/editor/assets/",
    "db://assets/": "file:///D:/workspace/cocosworkspace/dynamicListZip/assets/"
  }
}
10:17:24 debug: Our import map(foo:/bar): {
  "imports": {
    "cc": "cce:/internal/x/cc",
    "db://internal/": "file:///C:/ProgramData/cocos/editors/Creator/3.8.3/resources/resources/3d/engine/editor/assets/",
    "db://assets/": "file:///D:/workspace/cocosworkspace/dynamicListZip/assets/"
  }
}
10:17:24 debug: Pulling asset-db.
10:17:24 debug: Fetch asset-db cost: 4.24429988861084ms.
10:17:24 debug: Build iteration starts.
Number of accumulated asset changes: 7
Feature changed: false
10:17:24 debug: Target(editor) build started.
10:17:24 debug: Detected change: cce:/internal/x/cc. Last mtime: Thu Jan 01 1970 08:00:53 GMT+0800 (中国标准时间), Current mtime: Thu Jan 01 1970 08:00:17 GMT+0800 (中国标准时间)
10:17:24 debug: Inspect cce:/internal/x/cc
10:17:24 debug: Resolve cce:/internal/x/cc-fu/base from cce:/internal/x/cc as external dependency cce:/internal/x/cc-fu/base.
10:17:24 debug: Resolve cce:/internal/x/cc-fu/gfx-webgl from cce:/internal/x/cc as external dependency cce:/internal/x/cc-fu/gfx-webgl.
10:17:24 debug: Resolve cce:/internal/x/cc-fu/gfx-webgl2 from cce:/internal/x/cc as external dependency cce:/internal/x/cc-fu/gfx-webgl2.
10:17:24 debug: Resolve cce:/internal/x/cc-fu/gfx-empty from cce:/internal/x/cc as external dependency cce:/internal/x/cc-fu/gfx-empty.
10:17:24 debug: Resolve cce:/internal/x/cc-fu/3d from cce:/internal/x/cc as external dependency cce:/internal/x/cc-fu/3d.
10:17:24 debug: Resolve cce:/internal/x/cc-fu/animation from cce:/internal/x/cc as external dependency cce:/internal/x/cc-fu/animation.
10:17:24 debug: Resolve cce:/internal/x/cc-fu/skeletal-animation from cce:/internal/x/cc as external dependency cce:/internal/x/cc-fu/skeletal-animation.
10:17:24 debug: Resolve cce:/internal/x/cc-fu/2d from cce:/internal/x/cc as external dependency cce:/internal/x/cc-fu/2d.
10:17:24 debug: Resolve cce:/internal/x/cc-fu/sorting from cce:/internal/x/cc as external dependency cce:/internal/x/cc-fu/sorting.
10:17:24 debug: Resolve cce:/internal/x/cc-fu/ui from cce:/internal/x/cc as external dependency cce:/internal/x/cc-fu/ui.
10:17:24 debug: Resolve cce:/internal/x/cc-fu/particle from cce:/internal/x/cc as external dependency cce:/internal/x/cc-fu/particle.
10:17:24 debug: Resolve cce:/internal/x/cc-fu/particle-2d from cce:/internal/x/cc as external dependency cce:/internal/x/cc-fu/particle-2d.
10:17:24 debug: Resolve cce:/internal/x/cc-fu/physics-framework from cce:/internal/x/cc as external dependency cce:/internal/x/cc-fu/physics-framework.
10:17:24 debug: Resolve cce:/internal/x/cc-fu/physics-2d-framework from cce:/internal/x/cc as external dependency cce:/internal/x/cc-fu/physics-2d-framework.
10:17:24 debug: Resolve cce:/internal/x/cc-fu/physics-2d-box2d-wasm from cce:/internal/x/cc as external dependency cce:/internal/x/cc-fu/physics-2d-box2d-wasm.
10:17:24 debug: Resolve cce:/internal/x/cc-fu/intersection-2d from cce:/internal/x/cc as external dependency cce:/internal/x/cc-fu/intersection-2d.
10:17:24 debug: Resolve cce:/internal/x/cc-fu/primitive from cce:/internal/x/cc as external dependency cce:/internal/x/cc-fu/primitive.
10:17:24 debug: Resolve cce:/internal/x/cc-fu/profiler from cce:/internal/x/cc as external dependency cce:/internal/x/cc-fu/profiler.
10:17:24 debug: Resolve cce:/internal/x/cc-fu/geometry-renderer from cce:/internal/x/cc as external dependency cce:/internal/x/cc-fu/geometry-renderer.
10:17:24 debug: Resolve cce:/internal/x/cc-fu/audio from cce:/internal/x/cc as external dependency cce:/internal/x/cc-fu/audio.
10:17:24 debug: Resolve cce:/internal/x/cc-fu/video from cce:/internal/x/cc as external dependency cce:/internal/x/cc-fu/video.
10:17:24 debug: Resolve cce:/internal/x/cc-fu/xr from cce:/internal/x/cc as external dependency cce:/internal/x/cc-fu/xr.
10:17:24 debug: Resolve cce:/internal/x/cc-fu/light-probe from cce:/internal/x/cc as external dependency cce:/internal/x/cc-fu/light-probe.
10:17:24 debug: Resolve cce:/internal/x/cc-fu/terrain from cce:/internal/x/cc as external dependency cce:/internal/x/cc-fu/terrain.
10:17:24 debug: Resolve cce:/internal/x/cc-fu/webview from cce:/internal/x/cc as external dependency cce:/internal/x/cc-fu/webview.
10:17:24 debug: Resolve cce:/internal/x/cc-fu/tween from cce:/internal/x/cc as external dependency cce:/internal/x/cc-fu/tween.
10:17:24 debug: Resolve cce:/internal/x/cc-fu/tiled-map from cce:/internal/x/cc as external dependency cce:/internal/x/cc-fu/tiled-map.
10:17:24 debug: Resolve cce:/internal/x/cc-fu/spine from cce:/internal/x/cc as external dependency cce:/internal/x/cc-fu/spine.
10:17:24 debug: Resolve cce:/internal/x/cc-fu/dragon-bones from cce:/internal/x/cc as external dependency cce:/internal/x/cc-fu/dragon-bones.
10:17:24 debug: Resolve cce:/internal/x/cc-fu/custom-pipeline from cce:/internal/x/cc as external dependency cce:/internal/x/cc-fu/custom-pipeline.
10:17:24 debug: Detected change: cce:/internal/x/prerequisite-imports. Last mtime: Thu Jan 01 1970 08:01:04 GMT+0800 (中国标准时间), Current mtime: Thu Jan 01 1970 08:00:17 GMT+0800 (中国标准时间)
10:17:24 debug: Inspect cce:/internal/x/prerequisite-imports
10:17:24 debug: Resolve file:///C:/ProgramData/cocos/editors/Creator/3.8.3/resources/resources/3d/engine/editor/assets/tools/debug-view-runtime-control.ts from cce:/internal/x/prerequisite-imports as file:///C:/ProgramData/cocos/editors/Creator/3.8.3/resources/resources/3d/engine/editor/assets/tools/debug-view-runtime-control.ts.
10:17:24 debug: Resolve cc from file:///C:/ProgramData/cocos/editors/Creator/3.8.3/resources/resources/3d/engine/editor/assets/tools/debug-view-runtime-control.ts as cce:/internal/x/cc.
10:17:24 debug: Resolve cc from file:///C:/ProgramData/cocos/editors/Creator/3.8.3/resources/resources/3d/engine/editor/assets/tools/debug-view-runtime-control.ts as cce:/internal/x/cc.
10:17:24 debug: Resolve cc from file:///C:/ProgramData/cocos/editors/Creator/3.8.3/resources/resources/3d/engine/editor/assets/tools/debug-view-runtime-control.ts as cce:/internal/x/cc.
10:17:24 debug: Resolve file:///D:/workspace/cocosworkspace/dynamicListZip/assets/core/FixedScrollView.ts from cce:/internal/x/prerequisite-imports as file:///D:/workspace/cocosworkspace/dynamicListZip/assets/core/FixedScrollView.ts.
10:17:24 debug: Resolve cc from file:///D:/workspace/cocosworkspace/dynamicListZip/assets/core/FixedScrollView.ts as cce:/internal/x/cc.
10:17:24 debug: Resolve cc from file:///D:/workspace/cocosworkspace/dynamicListZip/assets/core/FixedScrollView.ts as cce:/internal/x/cc.
10:17:24 debug: Resolve cc from file:///D:/workspace/cocosworkspace/dynamicListZip/assets/core/FixedScrollView.ts as cce:/internal/x/cc.
10:17:24 debug: Resolve file:///D:/workspace/cocosworkspace/dynamicListZip/assets/core/VList.ts from cce:/internal/x/prerequisite-imports as file:///D:/workspace/cocosworkspace/dynamicListZip/assets/core/VList.ts.
10:17:24 debug: Resolve cce:/internal/code-quality/cr.mjs from file:///D:/workspace/cocosworkspace/dynamicListZip/assets/core/VList.ts as cce:/internal/code-quality/cr.mjs.
10:17:24 debug: Detected change: cce:/internal/code-quality/cr.mjs. Last mtime: Thu Oct 30 2025 18:43:43 GMT+0800 (中国标准时间), Current mtime: Fri Oct 31 2025 10:17:06 GMT+0800 (中国标准时间)
10:17:24 debug: Inspect cce:/internal/code-quality/cr.mjs
10:17:24 debug: Resolve cc from file:///D:/workspace/cocosworkspace/dynamicListZip/assets/core/VList.ts as cce:/internal/x/cc.
10:17:24 debug: Resolve cc from file:///D:/workspace/cocosworkspace/dynamicListZip/assets/core/VList.ts as cce:/internal/x/cc.
10:17:24 debug: Resolve cc from file:///D:/workspace/cocosworkspace/dynamicListZip/assets/core/VList.ts as cce:/internal/x/cc.
10:17:24 debug: Resolve cc/env from file:///D:/workspace/cocosworkspace/dynamicListZip/assets/core/VList.ts as external dependency cc/env.
10:17:24 debug: Resolve ./FixedScrollView from file:///D:/workspace/cocosworkspace/dynamicListZip/assets/core/VList.ts as file:///D:/workspace/cocosworkspace/dynamicListZip/assets/core/FixedScrollView.ts.
10:17:24 debug: Resolve ./VListLayerCom from file:///D:/workspace/cocosworkspace/dynamicListZip/assets/core/VList.ts as file:///D:/workspace/cocosworkspace/dynamicListZip/assets/core/VListLayerCom.ts.
10:17:24 debug: Resolve cc from file:///D:/workspace/cocosworkspace/dynamicListZip/assets/core/VListLayerCom.ts as cce:/internal/x/cc.
10:17:24 debug: Resolve cc from file:///D:/workspace/cocosworkspace/dynamicListZip/assets/core/VListLayerCom.ts as cce:/internal/x/cc.
10:17:24 debug: Resolve cc from file:///D:/workspace/cocosworkspace/dynamicListZip/assets/core/VListLayerCom.ts as cce:/internal/x/cc.
10:17:24 debug: Resolve ./WidgetUtils from file:///D:/workspace/cocosworkspace/dynamicListZip/assets/core/VList.ts as file:///D:/workspace/cocosworkspace/dynamicListZip/assets/core/WidgetUtils.ts.
10:17:24 debug: Resolve cc from file:///D:/workspace/cocosworkspace/dynamicListZip/assets/core/WidgetUtils.ts as cce:/internal/x/cc.
10:17:24 debug: Resolve cc from file:///D:/workspace/cocosworkspace/dynamicListZip/assets/core/WidgetUtils.ts as cce:/internal/x/cc.
10:17:24 debug: Resolve cc from file:///D:/workspace/cocosworkspace/dynamicListZip/assets/core/WidgetUtils.ts as cce:/internal/x/cc.
10:17:24 debug: Resolve file:///D:/workspace/cocosworkspace/dynamicListZip/assets/core/VListLayerCom.ts from cce:/internal/x/prerequisite-imports as file:///D:/workspace/cocosworkspace/dynamicListZip/assets/core/VListLayerCom.ts.
10:17:24 debug: Resolve file:///D:/workspace/cocosworkspace/dynamicListZip/assets/core/WidgetUtils.ts from cce:/internal/x/prerequisite-imports as file:///D:/workspace/cocosworkspace/dynamicListZip/assets/core/WidgetUtils.ts.
10:17:24 debug: Resolve file:///D:/workspace/cocosworkspace/dynamicListZip/assets/test/DynamicList.ts from cce:/internal/x/prerequisite-imports as file:///D:/workspace/cocosworkspace/dynamicListZip/assets/test/DynamicList.ts.
10:17:24 debug: Resolve cc from file:///D:/workspace/cocosworkspace/dynamicListZip/assets/test/DynamicList.ts as cce:/internal/x/cc.
10:17:24 debug: Resolve cc from file:///D:/workspace/cocosworkspace/dynamicListZip/assets/test/DynamicList.ts as cce:/internal/x/cc.
10:17:24 debug: Resolve cc from file:///D:/workspace/cocosworkspace/dynamicListZip/assets/test/DynamicList.ts as cce:/internal/x/cc.
10:17:24 debug: Resolve file:///D:/workspace/cocosworkspace/dynamicListZip/assets/test/Test.ts from cce:/internal/x/prerequisite-imports as file:///D:/workspace/cocosworkspace/dynamicListZip/assets/test/Test.ts.
10:17:24 debug: Resolve cce:/internal/code-quality/cr.mjs from file:///D:/workspace/cocosworkspace/dynamicListZip/assets/test/Test.ts as cce:/internal/code-quality/cr.mjs.
10:17:24 debug: Resolve cc from file:///D:/workspace/cocosworkspace/dynamicListZip/assets/test/Test.ts as cce:/internal/x/cc.
10:17:24 debug: Resolve cc from file:///D:/workspace/cocosworkspace/dynamicListZip/assets/test/Test.ts as cce:/internal/x/cc.
10:17:24 debug: Resolve cc from file:///D:/workspace/cocosworkspace/dynamicListZip/assets/test/Test.ts as cce:/internal/x/cc.
10:17:24 debug: Resolve ../core/VList from file:///D:/workspace/cocosworkspace/dynamicListZip/assets/test/Test.ts as file:///D:/workspace/cocosworkspace/dynamicListZip/assets/core/VList.ts.
10:17:24 debug: Resolve ./DynamicList from file:///D:/workspace/cocosworkspace/dynamicListZip/assets/test/Test.ts as file:///D:/workspace/cocosworkspace/dynamicListZip/assets/test/DynamicList.ts.
10:17:24 debug: Target(editor) ends with cost 82.50870013237ms.
10:17:24 debug: Target(preview) build started.
10:17:24 debug: Detected change: cce:/internal/x/cc. Last mtime: Thu Jan 01 1970 08:00:53 GMT+0800 (中国标准时间), Current mtime: Thu Jan 01 1970 08:00:17 GMT+0800 (中国标准时间)
10:17:24 debug: Inspect cce:/internal/x/cc
10:17:24 debug: Resolve cce:/internal/x/cc-fu/2d from cce:/internal/x/cc as external dependency cce:/internal/x/cc-fu/2d.
10:17:24 debug: Resolve cce:/internal/x/cc-fu/sorting from cce:/internal/x/cc as external dependency cce:/internal/x/cc-fu/sorting.
10:17:24 debug: Resolve cce:/internal/x/cc-fu/animation from cce:/internal/x/cc as external dependency cce:/internal/x/cc-fu/animation.
10:17:24 debug: Resolve cce:/internal/x/cc-fu/audio from cce:/internal/x/cc as external dependency cce:/internal/x/cc-fu/audio.
10:17:24 debug: Resolve cce:/internal/x/cc-fu/base from cce:/internal/x/cc as external dependency cce:/internal/x/cc-fu/base.
10:17:24 debug: Resolve cce:/internal/x/cc-fu/dragon-bones from cce:/internal/x/cc as external dependency cce:/internal/x/cc-fu/dragon-bones.
10:17:24 debug: Resolve cce:/internal/x/cc-fu/gfx-webgl from cce:/internal/x/cc as external dependency cce:/internal/x/cc-fu/gfx-webgl.
10:17:24 debug: Resolve cce:/internal/x/cc-fu/gfx-webgl2 from cce:/internal/x/cc as external dependency cce:/internal/x/cc-fu/gfx-webgl2.
10:17:24 debug: Resolve cce:/internal/x/cc-fu/intersection-2d from cce:/internal/x/cc as external dependency cce:/internal/x/cc-fu/intersection-2d.
10:17:24 debug: Resolve cce:/internal/x/cc-fu/particle-2d from cce:/internal/x/cc as external dependency cce:/internal/x/cc-fu/particle-2d.
10:17:24 debug: Resolve cce:/internal/x/cc-fu/physics-2d-box2d from cce:/internal/x/cc as external dependency cce:/internal/x/cc-fu/physics-2d-box2d.
10:17:24 debug: Resolve cce:/internal/x/cc-fu/physics-2d-framework from cce:/internal/x/cc as external dependency cce:/internal/x/cc-fu/physics-2d-framework.
10:17:24 debug: Resolve cce:/internal/x/cc-fu/profiler from cce:/internal/x/cc as external dependency cce:/internal/x/cc-fu/profiler.
10:17:24 debug: Resolve cce:/internal/x/cc-fu/spine from cce:/internal/x/cc as external dependency cce:/internal/x/cc-fu/spine.
10:17:24 debug: Resolve cce:/internal/x/cc-fu/tiled-map from cce:/internal/x/cc as external dependency cce:/internal/x/cc-fu/tiled-map.
10:17:24 debug: Resolve cce:/internal/x/cc-fu/tween from cce:/internal/x/cc as external dependency cce:/internal/x/cc-fu/tween.
10:17:24 debug: Resolve cce:/internal/x/cc-fu/ui from cce:/internal/x/cc as external dependency cce:/internal/x/cc-fu/ui.
10:17:24 debug: Resolve cce:/internal/x/cc-fu/video from cce:/internal/x/cc as external dependency cce:/internal/x/cc-fu/video.
10:17:24 debug: Resolve cce:/internal/x/cc-fu/webview from cce:/internal/x/cc as external dependency cce:/internal/x/cc-fu/webview.
10:17:24 debug: Detected change: cce:/internal/x/prerequisite-imports. Last mtime: Thu Jan 01 1970 08:01:05 GMT+0800 (中国标准时间), Current mtime: Thu Jan 01 1970 08:00:17 GMT+0800 (中国标准时间)
10:17:24 debug: Inspect cce:/internal/x/prerequisite-imports
10:17:24 debug: Resolve file:///C:/ProgramData/cocos/editors/Creator/3.8.3/resources/resources/3d/engine/editor/assets/tools/debug-view-runtime-control.ts from cce:/internal/x/prerequisite-imports as file:///C:/ProgramData/cocos/editors/Creator/3.8.3/resources/resources/3d/engine/editor/assets/tools/debug-view-runtime-control.ts.
10:17:24 debug: Resolve cc from file:///C:/ProgramData/cocos/editors/Creator/3.8.3/resources/resources/3d/engine/editor/assets/tools/debug-view-runtime-control.ts as cce:/internal/x/cc.
10:17:24 debug: Resolve cc from file:///C:/ProgramData/cocos/editors/Creator/3.8.3/resources/resources/3d/engine/editor/assets/tools/debug-view-runtime-control.ts as cce:/internal/x/cc.
10:17:24 debug: Resolve cc from file:///C:/ProgramData/cocos/editors/Creator/3.8.3/resources/resources/3d/engine/editor/assets/tools/debug-view-runtime-control.ts as cce:/internal/x/cc.
10:17:24 debug: Resolve file:///D:/workspace/cocosworkspace/dynamicListZip/assets/core/FixedScrollView.ts from cce:/internal/x/prerequisite-imports as file:///D:/workspace/cocosworkspace/dynamicListZip/assets/core/FixedScrollView.ts.
10:17:24 debug: Resolve cc from file:///D:/workspace/cocosworkspace/dynamicListZip/assets/core/FixedScrollView.ts as cce:/internal/x/cc.
10:17:24 debug: Resolve cc from file:///D:/workspace/cocosworkspace/dynamicListZip/assets/core/FixedScrollView.ts as cce:/internal/x/cc.
10:17:24 debug: Resolve cc from file:///D:/workspace/cocosworkspace/dynamicListZip/assets/core/FixedScrollView.ts as cce:/internal/x/cc.
10:17:24 debug: Resolve file:///D:/workspace/cocosworkspace/dynamicListZip/assets/core/VList.ts from cce:/internal/x/prerequisite-imports as file:///D:/workspace/cocosworkspace/dynamicListZip/assets/core/VList.ts.
10:17:24 debug: Resolve cce:/internal/code-quality/cr.mjs from file:///D:/workspace/cocosworkspace/dynamicListZip/assets/core/VList.ts as cce:/internal/code-quality/cr.mjs.
10:17:24 debug: Detected change: cce:/internal/code-quality/cr.mjs. Last mtime: Thu Oct 30 2025 18:43:43 GMT+0800 (中国标准时间), Current mtime: Fri Oct 31 2025 10:17:06 GMT+0800 (中国标准时间)
10:17:24 debug: Inspect cce:/internal/code-quality/cr.mjs
10:17:24 debug: Resolve cc from file:///D:/workspace/cocosworkspace/dynamicListZip/assets/core/VList.ts as cce:/internal/x/cc.
10:17:24 debug: Resolve cc from file:///D:/workspace/cocosworkspace/dynamicListZip/assets/core/VList.ts as cce:/internal/x/cc.
10:17:24 debug: Resolve cc from file:///D:/workspace/cocosworkspace/dynamicListZip/assets/core/VList.ts as cce:/internal/x/cc.
10:17:24 debug: Resolve cc/env from file:///D:/workspace/cocosworkspace/dynamicListZip/assets/core/VList.ts as external dependency cc/env.
10:17:24 debug: Resolve ./FixedScrollView from file:///D:/workspace/cocosworkspace/dynamicListZip/assets/core/VList.ts as file:///D:/workspace/cocosworkspace/dynamicListZip/assets/core/FixedScrollView.ts.
10:17:24 debug: Resolve ./VListLayerCom from file:///D:/workspace/cocosworkspace/dynamicListZip/assets/core/VList.ts as file:///D:/workspace/cocosworkspace/dynamicListZip/assets/core/VListLayerCom.ts.
10:17:24 debug: Resolve cc from file:///D:/workspace/cocosworkspace/dynamicListZip/assets/core/VListLayerCom.ts as cce:/internal/x/cc.
10:17:24 debug: Resolve cc from file:///D:/workspace/cocosworkspace/dynamicListZip/assets/core/VListLayerCom.ts as cce:/internal/x/cc.
10:17:24 debug: Resolve cc from file:///D:/workspace/cocosworkspace/dynamicListZip/assets/core/VListLayerCom.ts as cce:/internal/x/cc.
10:17:24 debug: Resolve ./WidgetUtils from file:///D:/workspace/cocosworkspace/dynamicListZip/assets/core/VList.ts as file:///D:/workspace/cocosworkspace/dynamicListZip/assets/core/WidgetUtils.ts.
10:17:24 debug: Resolve cc from file:///D:/workspace/cocosworkspace/dynamicListZip/assets/core/WidgetUtils.ts as cce:/internal/x/cc.
10:17:24 debug: Resolve cc from file:///D:/workspace/cocosworkspace/dynamicListZip/assets/core/WidgetUtils.ts as cce:/internal/x/cc.
10:17:24 debug: Resolve cc from file:///D:/workspace/cocosworkspace/dynamicListZip/assets/core/WidgetUtils.ts as cce:/internal/x/cc.
10:17:24 debug: Resolve file:///D:/workspace/cocosworkspace/dynamicListZip/assets/core/VListLayerCom.ts from cce:/internal/x/prerequisite-imports as file:///D:/workspace/cocosworkspace/dynamicListZip/assets/core/VListLayerCom.ts.
10:17:24 debug: Resolve file:///D:/workspace/cocosworkspace/dynamicListZip/assets/core/WidgetUtils.ts from cce:/internal/x/prerequisite-imports as file:///D:/workspace/cocosworkspace/dynamicListZip/assets/core/WidgetUtils.ts.
10:17:24 debug: Resolve file:///D:/workspace/cocosworkspace/dynamicListZip/assets/test/DynamicList.ts from cce:/internal/x/prerequisite-imports as file:///D:/workspace/cocosworkspace/dynamicListZip/assets/test/DynamicList.ts.
10:17:24 debug: Resolve cc from file:///D:/workspace/cocosworkspace/dynamicListZip/assets/test/DynamicList.ts as cce:/internal/x/cc.
10:17:24 debug: Resolve cc from file:///D:/workspace/cocosworkspace/dynamicListZip/assets/test/DynamicList.ts as cce:/internal/x/cc.
10:17:24 debug: Resolve cc from file:///D:/workspace/cocosworkspace/dynamicListZip/assets/test/DynamicList.ts as cce:/internal/x/cc.
10:17:24 debug: Resolve file:///D:/workspace/cocosworkspace/dynamicListZip/assets/test/Test.ts from cce:/internal/x/prerequisite-imports as file:///D:/workspace/cocosworkspace/dynamicListZip/assets/test/Test.ts.
10:17:24 debug: Resolve cce:/internal/code-quality/cr.mjs from file:///D:/workspace/cocosworkspace/dynamicListZip/assets/test/Test.ts as cce:/internal/code-quality/cr.mjs.
10:17:24 debug: Resolve cc from file:///D:/workspace/cocosworkspace/dynamicListZip/assets/test/Test.ts as cce:/internal/x/cc.
10:17:24 debug: Resolve cc from file:///D:/workspace/cocosworkspace/dynamicListZip/assets/test/Test.ts as cce:/internal/x/cc.
10:17:24 debug: Resolve cc from file:///D:/workspace/cocosworkspace/dynamicListZip/assets/test/Test.ts as cce:/internal/x/cc.
10:17:24 debug: Resolve ../core/VList from file:///D:/workspace/cocosworkspace/dynamicListZip/assets/test/Test.ts as file:///D:/workspace/cocosworkspace/dynamicListZip/assets/core/VList.ts.
10:17:24 debug: Resolve ./DynamicList from file:///D:/workspace/cocosworkspace/dynamicListZip/assets/test/Test.ts as file:///D:/workspace/cocosworkspace/dynamicListZip/assets/test/DynamicList.ts.
10:17:24 debug: Target(preview) ends with cost 62.37529993057251ms.
10:17:25 debug: Pulling asset-db.
10:17:26 debug: Fetch asset-db cost: 962.7775001525879ms.
10:17:26 debug: Build iteration starts.
Number of accumulated asset changes: 7
Feature changed: false
10:17:26 debug: Target(editor) build started.
10:17:26 debug: Detected change: cce:/internal/x/prerequisite-imports. Last mtime: Thu Jan 01 1970 08:00:17 GMT+0800 (中国标准时间), Current mtime: Thu Jan 01 1970 08:00:19 GMT+0800 (中国标准时间)
10:17:26 debug: Inspect cce:/internal/x/prerequisite-imports
10:17:26 debug: Resolve file:///C:/ProgramData/cocos/editors/Creator/3.8.3/resources/resources/3d/engine/editor/assets/tools/debug-view-runtime-control.ts from cce:/internal/x/prerequisite-imports as file:///C:/ProgramData/cocos/editors/Creator/3.8.3/resources/resources/3d/engine/editor/assets/tools/debug-view-runtime-control.ts.
10:17:26 debug: Resolve file:///D:/workspace/cocosworkspace/dynamicListZip/assets/core/FixedScrollView.ts from cce:/internal/x/prerequisite-imports as file:///D:/workspace/cocosworkspace/dynamicListZip/assets/core/FixedScrollView.ts.
10:17:26 debug: Resolve file:///D:/workspace/cocosworkspace/dynamicListZip/assets/core/VList.ts from cce:/internal/x/prerequisite-imports as file:///D:/workspace/cocosworkspace/dynamicListZip/assets/core/VList.ts.
10:17:26 debug: Resolve file:///D:/workspace/cocosworkspace/dynamicListZip/assets/core/VListLayerCom.ts from cce:/internal/x/prerequisite-imports as file:///D:/workspace/cocosworkspace/dynamicListZip/assets/core/VListLayerCom.ts.
10:17:26 debug: Resolve file:///D:/workspace/cocosworkspace/dynamicListZip/assets/core/WidgetUtils.ts from cce:/internal/x/prerequisite-imports as file:///D:/workspace/cocosworkspace/dynamicListZip/assets/core/WidgetUtils.ts.
10:17:26 debug: Resolve file:///D:/workspace/cocosworkspace/dynamicListZip/assets/test/DynamicList.ts from cce:/internal/x/prerequisite-imports as file:///D:/workspace/cocosworkspace/dynamicListZip/assets/test/DynamicList.ts.
10:17:26 debug: Resolve file:///D:/workspace/cocosworkspace/dynamicListZip/assets/test/Test.ts from cce:/internal/x/prerequisite-imports as file:///D:/workspace/cocosworkspace/dynamicListZip/assets/test/Test.ts.
10:17:26 debug: Target(editor) ends with cost 166.4452998638153ms.
10:17:26 debug: Target(preview) build started.
10:17:26 debug: Detected change: cce:/internal/x/prerequisite-imports. Last mtime: Thu Jan 01 1970 08:00:17 GMT+0800 (中国标准时间), Current mtime: Thu Jan 01 1970 08:00:20 GMT+0800 (中国标准时间)
10:17:26 debug: Inspect cce:/internal/x/prerequisite-imports
10:17:26 debug: Resolve file:///C:/ProgramData/cocos/editors/Creator/3.8.3/resources/resources/3d/engine/editor/assets/tools/debug-view-runtime-control.ts from cce:/internal/x/prerequisite-imports as file:///C:/ProgramData/cocos/editors/Creator/3.8.3/resources/resources/3d/engine/editor/assets/tools/debug-view-runtime-control.ts.
10:17:26 debug: Resolve file:///D:/workspace/cocosworkspace/dynamicListZip/assets/core/FixedScrollView.ts from cce:/internal/x/prerequisite-imports as file:///D:/workspace/cocosworkspace/dynamicListZip/assets/core/FixedScrollView.ts.
10:17:26 debug: Resolve file:///D:/workspace/cocosworkspace/dynamicListZip/assets/core/VList.ts from cce:/internal/x/prerequisite-imports as file:///D:/workspace/cocosworkspace/dynamicListZip/assets/core/VList.ts.
10:17:26 debug: Resolve file:///D:/workspace/cocosworkspace/dynamicListZip/assets/core/VListLayerCom.ts from cce:/internal/x/prerequisite-imports as file:///D:/workspace/cocosworkspace/dynamicListZip/assets/core/VListLayerCom.ts.
10:17:26 debug: Resolve file:///D:/workspace/cocosworkspace/dynamicListZip/assets/core/WidgetUtils.ts from cce:/internal/x/prerequisite-imports as file:///D:/workspace/cocosworkspace/dynamicListZip/assets/core/WidgetUtils.ts.
10:17:26 debug: Resolve file:///D:/workspace/cocosworkspace/dynamicListZip/assets/test/DynamicList.ts from cce:/internal/x/prerequisite-imports as file:///D:/workspace/cocosworkspace/dynamicListZip/assets/test/DynamicList.ts.
10:17:26 debug: Resolve file:///D:/workspace/cocosworkspace/dynamicListZip/assets/test/Test.ts from cce:/internal/x/prerequisite-imports as file:///D:/workspace/cocosworkspace/dynamicListZip/assets/test/Test.ts.
10:17:26 debug: Target(preview) ends with cost 27.396900177001953ms.
