2025-10-31 10:17:14-log: Cannot access game frame or container.
2025-10-31 10:17:14-debug: asset-db:require-engine-code (636ms)
2025-10-31 10:17:14-log: meshopt wasm decoder initialized
2025-10-31 10:17:14-log: [bullet]:bullet wasm lib loaded.
2025-10-31 10:17:14-log: [box2d]:box2d wasm lib loaded.
2025-10-31 10:17:18-log: Cocos Creator v3.8.3
2025-10-31 10:17:20-debug: [Assets Memory track]: asset-db:worker-init: initEngine start:24.49MB, end 77.64MB, increase: 53.16MB
2025-10-31 10:17:22-debug: [Assets Memory track]: asset-db-plugin-register: builder start:81.94MB, end 166.38MB, increase: 84.44MB
2025-10-31 10:17:22-debug: [Assets Memory track]: asset-db-plugin-register: engine-extends start:166.60MB, end 169.54MB, increase: 2.93MB
2025-10-31 10:17:21-debug: [Assets Memory track]: asset-db-plugin-register: programming start:78.61MB, end 81.92MB, increase: 3.31MB
2025-10-31 10:17:22-debug: [Assets Memory track]: asset-db:worker-init: initPlugin start:77.65MB, end 169.62MB, increase: 91.97MB
2025-10-31 10:17:22-debug: [Assets Memory track]: asset-db-plugin-register: project start:78.44MB, end 169.60MB, increase: 91.16MB
2025-10-31 10:17:22-debug: run package(im-plugin) handler(enable) start
2025-10-31 10:17:22-debug: run package(im-plugin) handler(enable) success!
2025-10-31 10:17:22-debug: run package(blank-template) handler(enable) success!
2025-10-31 10:17:22-debug: run package(placeholder) handler(enable) start
2025-10-31 10:17:22-debug: run package(blank-template) handler(enable) start
2025-10-31 10:17:22-debug: asset-db:worker-init: initPlugin (1151ms)
2025-10-31 10:17:22-debug: run package(placeholder) handler(enable) success!
2025-10-31 10:17:22-debug: [Assets Memory track]: asset-db:worker-init start:24.48MB, end 169.93MB, increase: 145.45MB
2025-10-31 10:17:22-debug: Run asset db hook programming:beforePreStart ...
2025-10-31 10:17:22-debug: Run asset db hook programming:beforePreStart success!
2025-10-31 10:17:22-debug: Run asset db hook engine-extends:beforePreStart success!
2025-10-31 10:17:22-debug: Run asset db hook engine-extends:beforePreStart ...
2025-10-31 10:17:23-debug: asset-db:worker-init (9287ms)
2025-10-31 10:17:23-debug: asset-db-hook-programming-beforePreStart (1151ms)
2025-10-31 10:17:23-debug: asset-db-hook-engine-extends-beforePreStart (1151ms)
2025-10-31 10:17:24-debug: Preimport db internal success
2025-10-31 10:17:24-debug: Preimport db assets success
2025-10-31 10:17:24-debug: Run asset db hook programming:afterPreStart ...
2025-10-31 10:17:24-debug: starting packer-driver...
2025-10-31 10:17:24-debug: initialize scripting environment...
2025-10-31 10:17:24-debug: Set detail map pack:///resolution-detail-map.json: {}
2025-10-31 10:17:24-debug: Run asset db hook programming:afterPreStart success!
2025-10-31 10:17:24-debug: Run asset db hook engine-extends:afterPreStart success!
2025-10-31 10:17:24-debug: Start up the 'internal' database...
2025-10-31 10:17:24-debug: Run asset db hook engine-extends:afterPreStart ...
2025-10-31 10:17:25-debug: asset-db:worker-effect-data-processing (780ms)
2025-10-31 10:17:25-debug: asset-db-hook-programming-afterPreStart (1070ms)
2025-10-31 10:17:25-debug: asset-db-hook-engine-extends-afterPreStart (780ms)
2025-10-31 10:17:25-debug: Start up the 'assets' database...
2025-10-31 10:17:25-debug: asset-db:worker-startup-database[internal] (3310ms)
2025-10-31 10:17:25-debug: lazy register asset handler *
2025-10-31 10:17:25-debug: lazy register asset handler directory
2025-10-31 10:17:25-debug: lazy register asset handler json
2025-10-31 10:17:25-debug: lazy register asset handler spine-data
2025-10-31 10:17:25-debug: lazy register asset handler text
2025-10-31 10:17:25-debug: lazy register asset handler dragonbones
2025-10-31 10:17:25-debug: lazy register asset handler dragonbones-atlas
2025-10-31 10:17:25-debug: lazy register asset handler typescript
2025-10-31 10:17:25-debug: lazy register asset handler javascript
2025-10-31 10:17:25-debug: lazy register asset handler scene
2025-10-31 10:17:25-debug: lazy register asset handler prefab
2025-10-31 10:17:25-debug: lazy register asset handler tiled-map
2025-10-31 10:17:25-debug: lazy register asset handler sprite-frame
2025-10-31 10:17:25-debug: lazy register asset handler image
2025-10-31 10:17:25-debug: lazy register asset handler sign-image
2025-10-31 10:17:25-debug: lazy register asset handler alpha-image
2025-10-31 10:17:25-debug: lazy register asset handler texture
2025-10-31 10:17:25-debug: lazy register asset handler texture-cube
2025-10-31 10:17:25-debug: lazy register asset handler erp-texture-cube
2025-10-31 10:17:25-debug: lazy register asset handler terrain
2025-10-31 10:17:25-debug: lazy register asset handler render-texture
2025-10-31 10:17:25-debug: lazy register asset handler buffer
2025-10-31 10:17:25-debug: lazy register asset handler rt-sprite-frame
2025-10-31 10:17:25-debug: lazy register asset handler gltf-mesh
2025-10-31 10:17:25-debug: lazy register asset handler gltf
2025-10-31 10:17:25-debug: lazy register asset handler gltf-animation
2025-10-31 10:17:25-debug: lazy register asset handler gltf-material
2025-10-31 10:17:25-debug: lazy register asset handler texture-cube-face
2025-10-31 10:17:25-debug: lazy register asset handler gltf-embeded-image
2025-10-31 10:17:25-debug: lazy register asset handler fbx
2025-10-31 10:17:25-debug: lazy register asset handler material
2025-10-31 10:17:25-debug: lazy register asset handler physics-material
2025-10-31 10:17:25-debug: lazy register asset handler effect
2025-10-31 10:17:25-debug: lazy register asset handler effect-header
2025-10-31 10:17:25-debug: lazy register asset handler audio-clip
2025-10-31 10:17:25-debug: lazy register asset handler animation-clip
2025-10-31 10:17:25-debug: lazy register asset handler animation-graph
2025-10-31 10:17:25-debug: lazy register asset handler animation-graph-variant
2025-10-31 10:17:25-debug: lazy register asset handler animation-mask
2025-10-31 10:17:25-debug: lazy register asset handler ttf-font
2025-10-31 10:17:25-debug: lazy register asset handler gltf-scene
2025-10-31 10:17:25-debug: lazy register asset handler particle
2025-10-31 10:17:25-debug: lazy register asset handler sprite-atlas
2025-10-31 10:17:25-debug: lazy register asset handler auto-atlas
2025-10-31 10:17:25-debug: lazy register asset handler label-atlas
2025-10-31 10:17:25-debug: lazy register asset handler render-pipeline
2025-10-31 10:17:25-debug: lazy register asset handler render-stage
2025-10-31 10:17:25-debug: lazy register asset handler gltf-skeleton
2025-10-31 10:17:25-debug: lazy register asset handler bitmap-font
2025-10-31 10:17:25-debug: lazy register asset handler render-flow
2025-10-31 10:17:25-debug: lazy register asset handler instantiation-animation
2025-10-31 10:17:25-debug: lazy register asset handler video-clip
2025-10-31 10:17:25-debug: lazy register asset handler instantiation-mesh
2025-10-31 10:17:25-debug: lazy register asset handler instantiation-skeleton
2025-10-31 10:17:25-debug: lazy register asset handler instantiation-material
2025-10-31 10:17:25-debug: asset-db:worker-startup-database[assets] (1231ms)
2025-10-31 10:17:25-debug: asset-db:start-database (3345ms)
2025-10-31 10:17:25-debug: asset-db:ready (18233ms)
2025-10-31 10:17:25-debug: init worker message success
2025-10-31 10:17:25-debug: programming:execute-script (4ms)
2025-10-31 10:17:26-debug: [Build Memory track]: builder:worker-init start:159.00MB, end 173.68MB, increase: 14.68MB
2025-10-31 10:17:26-debug: builder:worker-init (861ms)
2025-10-31 10:18:22-debug: refresh db internal success
2025-10-31 10:18:22-debug: refresh db assets success
2025-10-31 10:18:22-debug: Run asset db hook engine-extends:afterRefresh ...
2025-10-31 10:18:22-debug: Run asset db hook engine-extends:afterRefresh success!
2025-10-31 10:18:22-debug: asset-db:refresh-all-database (51ms)
2025-10-31 10:19:12-debug: refresh db internal success
2025-10-31 10:19:12-debug: refresh db assets success
2025-10-31 10:19:12-debug: Run asset db hook engine-extends:afterRefresh ...
2025-10-31 10:19:12-debug: Run asset db hook engine-extends:afterRefresh success!
2025-10-31 10:19:12-debug: asset-db:refresh-all-database (51ms)
2025-10-31 10:19:12-debug: asset-db:worker-effect-data-processing (1ms)
2025-10-31 10:19:12-debug: asset-db-hook-engine-extends-afterRefresh (1ms)
2025-10-31 10:46:39-debug: refresh db internal success
2025-10-31 10:46:39-debug: refresh db assets success
2025-10-31 10:46:39-debug: Run asset db hook engine-extends:afterRefresh success!
2025-10-31 10:46:39-debug: Run asset db hook engine-extends:afterRefresh ...
2025-10-31 10:46:39-debug: asset-db:worker-effect-data-processing (1ms)
2025-10-31 10:46:39-debug: asset-db:refresh-all-database (449ms)
2025-10-31 10:46:39-debug: asset-db-hook-engine-extends-afterRefresh (1ms)
2025-10-31 10:48:14-debug: refresh db internal success
2025-10-31 10:48:14-debug: refresh db assets success
2025-10-31 10:48:14-debug: Run asset db hook engine-extends:afterRefresh ...
2025-10-31 10:48:14-debug: Run asset db hook engine-extends:afterRefresh success!
2025-10-31 10:48:14-debug: asset-db:refresh-all-database (66ms)
2025-10-31 10:48:36-debug: refresh db internal success
2025-10-31 10:48:36-debug: refresh db assets success
2025-10-31 10:48:36-debug: Run asset db hook engine-extends:afterRefresh ...
2025-10-31 10:48:36-debug: Run asset db hook engine-extends:afterRefresh success!
2025-10-31 10:48:36-debug: asset-db:refresh-all-database (55ms)
2025-10-31 10:48:36-debug: asset-db-hook-engine-extends-afterRefresh (1ms)
2025-10-31 10:48:41-debug: Query all assets info in project
2025-10-31 10:48:41-debug: init custom config: keepNodeUuid: false, useCache: true
2025-10-31 10:48:41-debug: // ---- build task Query asset bundle ----
2025-10-31 10:48:41-debug: Query asset bundle start, progress: 0%
2025-10-31 10:48:41-debug: Query preload assets from cc.config.json: 60f7195c-ec2a-45eb-ba94-8955f60e81d0,1c02ae6f-4492-4915-b8f8-7492a3b1e4cd,810e96e4-e456-4468-9b59-f4e8f39732c0,efe8e2a3-eace-427b-b4f1-cb8a937ec77d,e9aa9a3e-5b2b-4ac7-a2c7-073de2b2b24f,8bbdbcdd-5cd4-4100-b6d5-b7c9625b6107,50f4348b-c883-4e2f-8f11-ce233b859fa1,fda095cb-831d-4601-ad94-846013963de8,f92806d7-1768-443f-afe8-12bcde84d0f0,dd3a144d-ab7f-41f0-82b8-2e43a090d496,f0416e68-0200-4b77-a926-4f9d16e494da,970b0598-bcb0-4714-91fb-2e81440dccd8,bcd64cc6-2dd9-43f6-abbe-66318d332032,d930590d-bb92-4cc8-8bd1-23cd027f9edf,a3cd009f-0ab0-420d-9278-b9fdab939bbc,c27215d8-6835-4b68-bfbb-bdeac6100c04,b5d6115f-0370-4d7c-aad3-c194cc71cf98,871c3b6c-7379-419d-bda3-794b239ab90d
2025-10-31 10:48:41-debug:   Number of all scenes: 1
2025-10-31 10:48:41-debug:   Number of all scripts: 7
2025-10-31 10:48:41-debug:   Number of other assets: 301
2025-10-31 10:48:41-debug: // ---- build task Query asset bundle ---- (9ms)
2025-10-31 10:48:41-debug: run build task Query asset bundle success in 9 ms√, progress: 5%
2025-10-31 10:48:41-debug: // ---- build task Query asset bundle ----
2025-10-31 10:48:41-debug: [Build Memory track]: Query asset bundle start:167.36MB, end 167.83MB, increase: 489.52KB
2025-10-31 10:48:41-debug: Query asset bundle start, progress: 5%
2025-10-31 10:48:41-debug: // ---- build task Query asset bundle ---- (3ms)
2025-10-31 10:48:41-debug: run build task Query asset bundle success in 3 ms√, progress: 10%
2025-10-31 10:48:41-debug: [Build Memory track]: Query asset bundle start:167.85MB, end 167.92MB, increase: 68.79KB
2025-10-31 10:48:41-debug: // ---- build task Sort some build options to settings.json ----
2025-10-31 10:48:41-debug: Sort some build options to settings.json start, progress: 10%
2025-10-31 10:48:41-debug: // ---- build task Sort some build options to settings.json ---- (1ms)
2025-10-31 10:48:41-debug: run build task Sort some build options to settings.json success in 1 ms√, progress: 12%
2025-10-31 10:48:41-debug: // ---- build task Fill script data to settings ----
2025-10-31 10:48:41-debug: [Build Memory track]: Sort some build options to settings.json start:167.93MB, end 167.95MB, increase: 19.59KB
2025-10-31 10:48:41-debug: Fill script data to settings start, progress: 12%
2025-10-31 10:48:41-debug: run build task Fill script data to settings success in √, progress: 13%
2025-10-31 10:48:41-debug: [Build Memory track]: Fill script data to settings start:167.97MB, end 167.98MB, increase: 11.36KB
2025-10-31 10:48:41-debug: Sort some build options to settings.json start, progress: 13%
2025-10-31 10:48:41-debug: // ---- build task Sort some build options to settings.json ----
2025-10-31 10:48:41-debug: // ---- build task Sort some build options to settings.json ---- (4ms)
2025-10-31 10:48:41-debug: run build task Sort some build options to settings.json success in 4 ms√, progress: 15%
2025-10-31 10:48:41-debug: [Build Memory track]: Sort some build options to settings.json start:167.99MB, end 168.12MB, increase: 127.24KB
2025-10-31 10:48:51-debug: refresh db internal success
2025-10-31 10:48:51-debug: refresh db assets success
2025-10-31 10:48:51-debug: Run asset db hook engine-extends:afterRefresh ...
2025-10-31 10:48:51-debug: Run asset db hook engine-extends:afterRefresh success!
2025-10-31 10:48:51-debug: asset-db:refresh-all-database (107ms)
2025-10-31 10:48:51-debug: asset-db:worker-effect-data-processing (2ms)
2025-10-31 10:48:51-debug: asset-db-hook-engine-extends-afterRefresh (2ms)
2025-10-31 10:49:55-debug: refresh db internal success
2025-10-31 10:49:55-debug: refresh db assets success
2025-10-31 10:49:55-debug: Run asset db hook engine-extends:afterRefresh ...
2025-10-31 10:49:55-debug: Run asset db hook engine-extends:afterRefresh success!
2025-10-31 10:49:55-debug: asset-db:refresh-all-database (109ms)
2025-10-31 10:49:55-debug: asset-db:worker-effect-data-processing (1ms)
2025-10-31 10:49:55-debug: asset-db-hook-engine-extends-afterRefresh (1ms)
2025-10-31 10:50:19-debug: refresh db internal success
2025-10-31 10:50:19-debug: refresh db assets success
2025-10-31 10:50:19-debug: Run asset db hook engine-extends:afterRefresh ...
2025-10-31 10:50:19-debug: Run asset db hook engine-extends:afterRefresh success!
2025-10-31 10:50:19-debug: asset-db:refresh-all-database (49ms)
2025-10-31 10:50:19-debug: asset-db:worker-effect-data-processing (1ms)
2025-10-31 10:50:19-debug: asset-db-hook-engine-extends-afterRefresh (1ms)
2025-10-31 10:50:30-debug: start refresh asset from D:\workspace\cocosworkspace\dynamicListZip\assets\test\listItem.prefab...
2025-10-31 10:50:30-debug: %cImport%c: D:\workspace\cocosworkspace\dynamicListZip\assets\test\listItem.prefabbackground: #aaff85; color: #000;color: #000;
2025-10-31 10:50:30-debug: refresh asset D:\workspace\cocosworkspace\dynamicListZip\assets\test success
2025-10-31 10:50:43-debug: refresh db internal success
2025-10-31 10:50:43-debug: refresh db assets success
2025-10-31 10:50:43-debug: Run asset db hook engine-extends:afterRefresh ...
2025-10-31 10:50:43-debug: Run asset db hook engine-extends:afterRefresh success!
2025-10-31 10:50:43-debug: asset-db:refresh-all-database (46ms)
2025-10-31 10:50:43-debug: asset-db:worker-effect-data-processing (1ms)
2025-10-31 10:50:43-debug: asset-db-hook-engine-extends-afterRefresh (1ms)
2025-10-31 10:50:56-debug: refresh db internal success
2025-10-31 10:50:56-debug: refresh db assets success
2025-10-31 10:50:56-debug: Run asset db hook engine-extends:afterRefresh ...
2025-10-31 10:50:56-debug: Run asset db hook engine-extends:afterRefresh success!
2025-10-31 10:50:56-debug: asset-db:refresh-all-database (56ms)
2025-10-31 10:50:56-debug: asset-db:worker-effect-data-processing (1ms)
2025-10-31 10:50:56-debug: asset-db-hook-engine-extends-afterRefresh (1ms)
2025-10-31 10:51:59-debug: refresh db internal success
2025-10-31 10:51:59-debug: refresh db assets success
2025-10-31 10:51:59-debug: Run asset db hook engine-extends:afterRefresh ...
2025-10-31 10:51:59-debug: Run asset db hook engine-extends:afterRefresh success!
2025-10-31 10:51:59-debug: asset-db:refresh-all-database (55ms)
2025-10-31 10:51:59-debug: asset-db:worker-effect-data-processing (2ms)
2025-10-31 10:51:59-debug: asset-db-hook-engine-extends-afterRefresh (2ms)
2025-10-31 10:52:06-debug: refresh db internal success
2025-10-31 10:52:06-debug: refresh db assets success
2025-10-31 10:52:06-debug: Run asset db hook engine-extends:afterRefresh ...
2025-10-31 10:52:06-debug: Run asset db hook engine-extends:afterRefresh success!
2025-10-31 10:52:06-debug: asset-db:refresh-all-database (53ms)
2025-10-31 10:52:06-debug: asset-db:worker-effect-data-processing (2ms)
2025-10-31 10:52:06-debug: asset-db-hook-engine-extends-afterRefresh (2ms)
2025-10-31 10:53:02-debug: refresh db internal success
2025-10-31 10:53:02-debug: Run asset db hook engine-extends:afterRefresh ...
2025-10-31 10:53:02-debug: Run asset db hook engine-extends:afterRefresh success!
2025-10-31 10:53:02-debug: refresh db assets success
2025-10-31 10:53:02-debug: asset-db:refresh-all-database (48ms)
2025-10-31 10:53:02-debug: asset-db:worker-effect-data-processing (2ms)
2025-10-31 10:53:02-debug: asset-db-hook-engine-extends-afterRefresh (2ms)
2025-10-31 10:53:19-debug: refresh db internal success
2025-10-31 10:53:19-debug: refresh db assets success
2025-10-31 10:53:19-debug: Run asset db hook engine-extends:afterRefresh ...
2025-10-31 10:53:19-debug: Run asset db hook engine-extends:afterRefresh success!
2025-10-31 10:53:19-debug: asset-db:refresh-all-database (105ms)
2025-10-31 10:53:19-debug: asset-db:worker-effect-data-processing (1ms)
2025-10-31 10:53:19-debug: asset-db-hook-engine-extends-afterRefresh (1ms)
2025-10-31 10:53:26-debug: refresh db internal success
2025-10-31 10:53:26-debug: refresh db assets success
2025-10-31 10:53:26-debug: Run asset db hook engine-extends:afterRefresh ...
2025-10-31 10:53:26-debug: Run asset db hook engine-extends:afterRefresh success!
2025-10-31 10:53:26-debug: asset-db:refresh-all-database (43ms)
2025-10-31 10:54:03-debug: refresh db internal success
2025-10-31 10:54:03-debug: refresh db assets success
2025-10-31 10:54:03-debug: Run asset db hook engine-extends:afterRefresh ...
2025-10-31 10:54:03-debug: Run asset db hook engine-extends:afterRefresh success!
2025-10-31 10:54:03-debug: asset-db:refresh-all-database (50ms)
2025-10-31 10:54:03-debug: asset-db:worker-effect-data-processing (1ms)
2025-10-31 10:54:03-debug: asset-db-hook-engine-extends-afterRefresh (1ms)
2025-10-31 10:54:37-debug: refresh db internal success
2025-10-31 10:54:37-debug: refresh db assets success
2025-10-31 10:54:37-debug: Run asset db hook engine-extends:afterRefresh success!
2025-10-31 10:54:37-debug: Run asset db hook engine-extends:afterRefresh ...
2025-10-31 10:54:37-debug: asset-db:refresh-all-database (64ms)
2025-10-31 10:54:37-debug: asset-db:worker-effect-data-processing (1ms)
2025-10-31 10:54:37-debug: asset-db-hook-engine-extends-afterRefresh (1ms)
2025-10-31 10:54:56-debug: refresh db internal success
2025-10-31 10:54:56-debug: refresh db assets success
2025-10-31 10:54:56-debug: Run asset db hook engine-extends:afterRefresh ...
2025-10-31 10:54:56-debug: Run asset db hook engine-extends:afterRefresh success!
2025-10-31 10:54:56-debug: asset-db:refresh-all-database (62ms)
2025-10-31 10:54:56-debug: asset-db:worker-effect-data-processing (1ms)
2025-10-31 10:54:56-debug: asset-db-hook-engine-extends-afterRefresh (1ms)
2025-10-31 10:58:44-debug: refresh db internal success
2025-10-31 10:58:44-debug: refresh db assets success
2025-10-31 10:58:44-debug: Run asset db hook engine-extends:afterRefresh ...
2025-10-31 10:58:44-debug: Run asset db hook engine-extends:afterRefresh success!
2025-10-31 10:58:44-debug: asset-db:refresh-all-database (46ms)
2025-10-31 10:59:15-debug: refresh db internal success
2025-10-31 10:59:15-debug: Run asset db hook engine-extends:afterRefresh ...
2025-10-31 10:59:15-debug: Run asset db hook engine-extends:afterRefresh success!
2025-10-31 10:59:15-debug: refresh db assets success
2025-10-31 10:59:15-debug: asset-db:refresh-all-database (42ms)
2025-10-31 10:59:15-debug: asset-db:worker-effect-data-processing (1ms)
2025-10-31 10:59:15-debug: asset-db-hook-engine-extends-afterRefresh (1ms)
2025-10-31 10:59:42-debug: refresh db internal success
2025-10-31 10:59:42-debug: refresh db assets success
2025-10-31 10:59:42-debug: Run asset db hook engine-extends:afterRefresh ...
2025-10-31 10:59:42-debug: Run asset db hook engine-extends:afterRefresh success!
2025-10-31 10:59:42-debug: asset-db:refresh-all-database (46ms)
2025-10-31 10:59:42-debug: asset-db:worker-effect-data-processing (1ms)
2025-10-31 10:59:42-debug: asset-db-hook-engine-extends-afterRefresh (1ms)
2025-10-31 10:59:44-debug: refresh db internal success
2025-10-31 10:59:44-debug: refresh db assets success
2025-10-31 10:59:44-debug: Run asset db hook engine-extends:afterRefresh ...
2025-10-31 10:59:44-debug: Run asset db hook engine-extends:afterRefresh success!
2025-10-31 10:59:44-debug: asset-db:refresh-all-database (49ms)
2025-10-31 10:59:44-debug: asset-db:worker-effect-data-processing (2ms)
2025-10-31 10:59:44-debug: asset-db-hook-engine-extends-afterRefresh (2ms)
2025-10-31 11:00:02-debug: refresh db internal success
2025-10-31 11:00:02-debug: refresh db assets success
2025-10-31 11:00:02-debug: Run asset db hook engine-extends:afterRefresh ...
2025-10-31 11:00:02-debug: Run asset db hook engine-extends:afterRefresh success!
2025-10-31 11:00:02-debug: asset-db:refresh-all-database (48ms)
2025-10-31 11:00:02-debug: asset-db:worker-effect-data-processing (1ms)
2025-10-31 11:00:02-debug: asset-db-hook-engine-extends-afterRefresh (2ms)
2025-10-31 11:00:17-debug: refresh db internal success
2025-10-31 11:00:17-debug: refresh db assets success
2025-10-31 11:00:17-debug: Run asset db hook engine-extends:afterRefresh ...
2025-10-31 11:00:17-debug: Run asset db hook engine-extends:afterRefresh success!
2025-10-31 11:00:17-debug: asset-db:refresh-all-database (44ms)
2025-10-31 11:00:58-debug: refresh db internal success
2025-10-31 11:00:58-debug: refresh db assets success
2025-10-31 11:00:58-debug: Run asset db hook engine-extends:afterRefresh ...
2025-10-31 11:00:58-debug: Run asset db hook engine-extends:afterRefresh success!
2025-10-31 11:00:58-debug: asset-db:refresh-all-database (73ms)
2025-10-31 11:00:58-debug: asset-db:worker-effect-data-processing (1ms)
2025-10-31 11:00:58-debug: asset-db-hook-engine-extends-afterRefresh (1ms)
2025-10-31 11:01:21-debug: refresh db internal success
2025-10-31 11:01:21-debug: refresh db assets success
2025-10-31 11:01:21-debug: Run asset db hook engine-extends:afterRefresh ...
2025-10-31 11:01:21-debug: Run asset db hook engine-extends:afterRefresh success!
2025-10-31 11:01:21-debug: asset-db:refresh-all-database (55ms)
2025-10-31 11:01:21-debug: asset-db-hook-engine-extends-afterRefresh (1ms)
2025-10-31 11:01:54-debug: refresh db internal success
2025-10-31 11:01:54-debug: refresh db assets success
2025-10-31 11:01:54-debug: Run asset db hook engine-extends:afterRefresh ...
2025-10-31 11:01:54-debug: Run asset db hook engine-extends:afterRefresh success!
2025-10-31 11:01:54-debug: asset-db:refresh-all-database (43ms)
2025-10-31 11:01:54-debug: asset-db:worker-effect-data-processing (1ms)
2025-10-31 11:01:54-debug: asset-db-hook-engine-extends-afterRefresh (1ms)
2025-10-31 11:02:11-debug: Query all assets info in project
2025-10-31 11:02:11-debug: init custom config: keepNodeUuid: false, useCache: true
2025-10-31 11:02:11-debug: Query asset bundle start, progress: 0%
2025-10-31 11:02:11-debug: // ---- build task Query asset bundle ----
2025-10-31 11:02:11-debug:   Number of all scenes: 1
2025-10-31 11:02:11-debug: Query preload assets from cc.config.json: 60f7195c-ec2a-45eb-ba94-8955f60e81d0,1c02ae6f-4492-4915-b8f8-7492a3b1e4cd,810e96e4-e456-4468-9b59-f4e8f39732c0,efe8e2a3-eace-427b-b4f1-cb8a937ec77d,e9aa9a3e-5b2b-4ac7-a2c7-073de2b2b24f,8bbdbcdd-5cd4-4100-b6d5-b7c9625b6107,50f4348b-c883-4e2f-8f11-ce233b859fa1,fda095cb-831d-4601-ad94-846013963de8,f92806d7-1768-443f-afe8-12bcde84d0f0,dd3a144d-ab7f-41f0-82b8-2e43a090d496,f0416e68-0200-4b77-a926-4f9d16e494da,970b0598-bcb0-4714-91fb-2e81440dccd8,bcd64cc6-2dd9-43f6-abbe-66318d332032,d930590d-bb92-4cc8-8bd1-23cd027f9edf,a3cd009f-0ab0-420d-9278-b9fdab939bbc,c27215d8-6835-4b68-bfbb-bdeac6100c04,b5d6115f-0370-4d7c-aad3-c194cc71cf98,871c3b6c-7379-419d-bda3-794b239ab90d
2025-10-31 11:02:11-debug:   Number of all scripts: 7
2025-10-31 11:02:11-debug:   Number of other assets: 301
2025-10-31 11:02:11-debug: // ---- build task Query asset bundle ---- (5ms)
2025-10-31 11:02:11-debug: run build task Query asset bundle success in 5 ms√, progress: 5%
2025-10-31 11:02:11-debug: [Build Memory track]: Query asset bundle start:176.15MB, end 176.63MB, increase: 491.18KB
2025-10-31 11:02:11-debug: Query asset bundle start, progress: 5%
2025-10-31 11:02:11-debug: // ---- build task Query asset bundle ----
2025-10-31 11:02:11-debug: run build task Query asset bundle success in 5 ms√, progress: 10%
2025-10-31 11:02:11-debug: // ---- build task Query asset bundle ---- (5ms)
2025-10-31 11:02:11-debug: [Build Memory track]: Query asset bundle start:176.64MB, end 176.71MB, increase: 69.96KB
2025-10-31 11:02:11-debug: Sort some build options to settings.json start, progress: 10%
2025-10-31 11:02:11-debug: // ---- build task Sort some build options to settings.json ----
2025-10-31 11:02:11-debug: // ---- build task Sort some build options to settings.json ---- (1ms)
2025-10-31 11:02:11-debug: run build task Sort some build options to settings.json success in 1 ms√, progress: 12%
2025-10-31 11:02:11-debug: Fill script data to settings start, progress: 12%
2025-10-31 11:02:11-debug: // ---- build task Fill script data to settings ----
2025-10-31 11:02:11-debug: [Build Memory track]: Sort some build options to settings.json start:176.72MB, end 176.74MB, increase: 15.32KB
2025-10-31 11:02:11-debug: // ---- build task Fill script data to settings ---- (1ms)
2025-10-31 11:02:11-debug: run build task Fill script data to settings success in 1 ms√, progress: 13%
2025-10-31 11:02:11-debug: Sort some build options to settings.json start, progress: 13%
2025-10-31 11:02:11-debug: [Build Memory track]: Fill script data to settings start:176.75MB, end 176.77MB, increase: 18.46KB
2025-10-31 11:02:11-debug: // ---- build task Sort some build options to settings.json ----
2025-10-31 11:02:11-debug: // ---- build task Sort some build options to settings.json ---- (4ms)
2025-10-31 11:02:11-debug: run build task Sort some build options to settings.json success in 4 ms√, progress: 15%
2025-10-31 11:02:11-debug: [Build Memory track]: Sort some build options to settings.json start:176.79MB, end 176.91MB, increase: 124.28KB
2025-10-31 11:02:27-debug: refresh db internal success
2025-10-31 11:02:27-debug: refresh db assets success
2025-10-31 11:02:27-debug: Run asset db hook engine-extends:afterRefresh ...
2025-10-31 11:02:27-debug: Run asset db hook engine-extends:afterRefresh success!
2025-10-31 11:02:27-debug: asset-db:refresh-all-database (49ms)
2025-10-31 11:02:27-debug: asset-db:worker-effect-data-processing (1ms)
2025-10-31 11:02:27-debug: asset-db-hook-engine-extends-afterRefresh (1ms)
2025-10-31 11:02:36-debug: refresh db internal success
2025-10-31 11:02:36-debug: refresh db assets success
2025-10-31 11:02:36-debug: Run asset db hook engine-extends:afterRefresh ...
2025-10-31 11:02:36-debug: Run asset db hook engine-extends:afterRefresh success!
2025-10-31 11:02:36-debug: asset-db:refresh-all-database (48ms)
2025-10-31 11:02:36-debug: asset-db:worker-effect-data-processing (1ms)
2025-10-31 11:02:36-debug: asset-db-hook-engine-extends-afterRefresh (1ms)
2025-10-31 11:02:49-debug: refresh db internal success
2025-10-31 11:02:49-debug: refresh db assets success
2025-10-31 11:02:49-debug: Run asset db hook engine-extends:afterRefresh ...
2025-10-31 11:02:49-debug: Run asset db hook engine-extends:afterRefresh success!
2025-10-31 11:02:49-debug: asset-db:refresh-all-database (72ms)
2025-10-31 11:02:49-debug: asset-db:worker-effect-data-processing (1ms)
2025-10-31 11:02:49-debug: asset-db-hook-engine-extends-afterRefresh (1ms)
2025-10-31 11:02:50-debug: start refresh asset from D:\workspace\cocosworkspace\dynamicListZip\assets\test\DynamicListTest.scene...
2025-10-31 11:02:50-debug: %cImport%c: D:\workspace\cocosworkspace\dynamicListZip\assets\test\DynamicListTest.scenebackground: #aaff85; color: #000;color: #000;
2025-10-31 11:02:50-debug: refresh asset D:\workspace\cocosworkspace\dynamicListZip\assets\test success
2025-10-31 11:02:51-debug: Query all assets info in project
2025-10-31 11:02:51-debug: init custom config: keepNodeUuid: false, useCache: true
2025-10-31 11:02:51-debug: Query asset bundle start, progress: 0%
2025-10-31 11:02:51-debug: // ---- build task Query asset bundle ----
2025-10-31 11:02:51-debug:   Number of all scenes: 1
2025-10-31 11:02:51-debug: Query preload assets from cc.config.json: 60f7195c-ec2a-45eb-ba94-8955f60e81d0,1c02ae6f-4492-4915-b8f8-7492a3b1e4cd,810e96e4-e456-4468-9b59-f4e8f39732c0,efe8e2a3-eace-427b-b4f1-cb8a937ec77d,e9aa9a3e-5b2b-4ac7-a2c7-073de2b2b24f,8bbdbcdd-5cd4-4100-b6d5-b7c9625b6107,50f4348b-c883-4e2f-8f11-ce233b859fa1,fda095cb-831d-4601-ad94-846013963de8,f92806d7-1768-443f-afe8-12bcde84d0f0,dd3a144d-ab7f-41f0-82b8-2e43a090d496,f0416e68-0200-4b77-a926-4f9d16e494da,970b0598-bcb0-4714-91fb-2e81440dccd8,bcd64cc6-2dd9-43f6-abbe-66318d332032,d930590d-bb92-4cc8-8bd1-23cd027f9edf,a3cd009f-0ab0-420d-9278-b9fdab939bbc,c27215d8-6835-4b68-bfbb-bdeac6100c04,b5d6115f-0370-4d7c-aad3-c194cc71cf98,871c3b6c-7379-419d-bda3-794b239ab90d
2025-10-31 11:02:51-debug:   Number of all scripts: 7
2025-10-31 11:02:51-debug:   Number of other assets: 301
2025-10-31 11:02:51-debug: // ---- build task Query asset bundle ---- (13ms)
2025-10-31 11:02:51-debug: run build task Query asset bundle success in 13 ms√, progress: 5%
2025-10-31 11:02:51-debug: // ---- build task Query asset bundle ----
2025-10-31 11:02:51-debug: [Build Memory track]: Query asset bundle start:162.87MB, end 162.48MB, increase: -397.41KB
2025-10-31 11:02:51-debug: Query asset bundle start, progress: 5%
2025-10-31 11:02:51-debug: // ---- build task Query asset bundle ---- (4ms)
2025-10-31 11:02:51-debug: run build task Query asset bundle success in 4 ms√, progress: 10%
2025-10-31 11:02:51-debug: // ---- build task Sort some build options to settings.json ----
2025-10-31 11:02:51-debug: [Build Memory track]: Query asset bundle start:162.49MB, end 162.56MB, increase: 69.66KB
2025-10-31 11:02:51-debug: Sort some build options to settings.json start, progress: 10%
2025-10-31 11:02:51-debug: // ---- build task Sort some build options to settings.json ---- (1ms)
2025-10-31 11:02:51-debug: run build task Sort some build options to settings.json success in 1 ms√, progress: 12%
2025-10-31 11:02:51-debug: [Build Memory track]: Sort some build options to settings.json start:162.58MB, end 162.59MB, increase: 16.43KB
2025-10-31 11:02:51-debug: Fill script data to settings start, progress: 12%
2025-10-31 11:02:51-debug: // ---- build task Fill script data to settings ----
2025-10-31 11:02:51-debug: // ---- build task Fill script data to settings ---- (1ms)
2025-10-31 11:02:51-debug: run build task Fill script data to settings success in 1 ms√, progress: 13%
2025-10-31 11:02:51-debug: // ---- build task Sort some build options to settings.json ----
2025-10-31 11:02:51-debug: [Build Memory track]: Fill script data to settings start:162.61MB, end 162.63MB, increase: 17.70KB
2025-10-31 11:02:51-debug: Sort some build options to settings.json start, progress: 13%
2025-10-31 11:02:51-debug: // ---- build task Sort some build options to settings.json ---- (4ms)
2025-10-31 11:02:51-debug: run build task Sort some build options to settings.json success in 4 ms√, progress: 15%
2025-10-31 11:02:51-debug: [Build Memory track]: Sort some build options to settings.json start:162.64MB, end 162.78MB, increase: 140.86KB
2025-10-31 11:08:47-debug: refresh db internal success
2025-10-31 11:08:47-debug: refresh db assets success
2025-10-31 11:08:47-debug: Run asset db hook engine-extends:afterRefresh ...
2025-10-31 11:08:47-debug: Run asset db hook engine-extends:afterRefresh success!
2025-10-31 11:08:47-debug: asset-db:refresh-all-database (50ms)
2025-10-31 11:20:19-debug: refresh db internal success
2025-10-31 11:20:19-debug: refresh db assets success
2025-10-31 11:20:19-debug: Run asset db hook engine-extends:afterRefresh success!
2025-10-31 11:20:19-debug: Run asset db hook engine-extends:afterRefresh ...
2025-10-31 11:20:19-debug: asset-db:refresh-all-database (51ms)
2025-10-31 11:20:19-debug: asset-db:worker-effect-data-processing (1ms)
2025-10-31 11:20:19-debug: asset-db-hook-engine-extends-afterRefresh (1ms)
2025-10-31 11:20:29-debug: refresh db internal success
2025-10-31 11:20:29-debug: refresh db assets success
2025-10-31 11:20:29-debug: Run asset db hook engine-extends:afterRefresh ...
2025-10-31 11:20:29-debug: Run asset db hook engine-extends:afterRefresh success!
2025-10-31 11:20:29-debug: asset-db:refresh-all-database (38ms)
2025-10-31 11:20:29-debug: asset-db-hook-engine-extends-afterRefresh (1ms)
2025-10-31 11:20:54-debug: refresh db internal success
2025-10-31 11:20:54-debug: refresh db assets success
2025-10-31 11:20:54-debug: Run asset db hook engine-extends:afterRefresh ...
2025-10-31 11:20:54-debug: Run asset db hook engine-extends:afterRefresh success!
2025-10-31 11:20:54-debug: asset-db:refresh-all-database (42ms)
2025-10-31 11:20:54-debug: asset-db:worker-effect-data-processing (3ms)
2025-10-31 11:20:54-debug: asset-db-hook-engine-extends-afterRefresh (3ms)
2025-10-31 13:21:04-debug: refresh db internal success
2025-10-31 13:21:04-debug: refresh db assets success
2025-10-31 13:21:04-debug: Run asset db hook engine-extends:afterRefresh ...
2025-10-31 13:21:04-debug: Run asset db hook engine-extends:afterRefresh success!
2025-10-31 13:21:04-debug: asset-db:refresh-all-database (185ms)
2025-10-31 13:21:04-debug: asset-db:worker-effect-data-processing (7ms)
2025-10-31 13:21:04-debug: asset-db-hook-engine-extends-afterRefresh (12ms)
2025-10-31 13:57:15-debug: refresh db internal success
2025-10-31 13:57:15-debug: refresh db assets success
2025-10-31 13:57:15-debug: Run asset db hook engine-extends:afterRefresh ...
2025-10-31 13:57:15-debug: Run asset db hook engine-extends:afterRefresh success!
2025-10-31 13:57:15-debug: asset-db:refresh-all-database (134ms)
2025-10-31 13:57:15-debug: asset-db:worker-effect-data-processing (2ms)
2025-10-31 13:57:15-debug: asset-db-hook-engine-extends-afterRefresh (2ms)
2025-10-31 14:28:15-debug: refresh db internal success
2025-10-31 14:28:15-debug: Run asset db hook engine-extends:afterRefresh success!
2025-10-31 14:28:15-debug: refresh db assets success
2025-10-31 14:28:15-debug: Run asset db hook engine-extends:afterRefresh ...
2025-10-31 14:28:15-debug: asset-db:refresh-all-database (102ms)
2025-10-31 14:28:15-debug: asset-db:worker-effect-data-processing (1ms)
2025-10-31 14:28:15-debug: asset-db-hook-engine-extends-afterRefresh (2ms)
2025-10-31 14:29:24-debug: refresh db internal success
2025-10-31 14:29:24-debug: refresh db assets success
2025-10-31 14:29:24-debug: Run asset db hook engine-extends:afterRefresh ...
2025-10-31 14:29:24-debug: Run asset db hook engine-extends:afterRefresh success!
2025-10-31 14:29:24-debug: asset-db:refresh-all-database (106ms)
2025-10-31 14:29:24-debug: asset-db:worker-effect-data-processing (1ms)
2025-10-31 14:29:24-debug: asset-db-hook-engine-extends-afterRefresh (1ms)
2025-10-31 14:44:50-debug: refresh db internal success
2025-10-31 14:44:50-debug: refresh db assets success
2025-10-31 14:44:50-debug: Run asset db hook engine-extends:afterRefresh success!
2025-10-31 14:44:50-debug: Run asset db hook engine-extends:afterRefresh ...
2025-10-31 14:44:50-debug: asset-db:refresh-all-database (53ms)
2025-10-31 14:44:50-debug: asset-db:worker-effect-data-processing (1ms)
2025-10-31 14:44:50-debug: asset-db-hook-engine-extends-afterRefresh (1ms)
2025-10-31 14:47:50-debug: refresh db internal success
2025-10-31 14:47:50-debug: refresh db assets success
2025-10-31 14:47:50-debug: Run asset db hook engine-extends:afterRefresh ...
2025-10-31 14:47:50-debug: Run asset db hook engine-extends:afterRefresh success!
2025-10-31 14:47:50-debug: asset-db:refresh-all-database (59ms)
2025-10-31 14:47:50-debug: asset-db:worker-effect-data-processing (1ms)
2025-10-31 14:47:50-debug: asset-db-hook-engine-extends-afterRefresh (1ms)
2025-10-31 14:51:58-debug: refresh db internal success
2025-10-31 14:51:58-debug: refresh db assets success
2025-10-31 14:51:58-debug: Run asset db hook engine-extends:afterRefresh ...
2025-10-31 14:51:58-debug: Run asset db hook engine-extends:afterRefresh success!
2025-10-31 14:51:58-debug: asset-db:refresh-all-database (50ms)
2025-10-31 14:51:58-debug: asset-db:worker-effect-data-processing (1ms)
2025-10-31 14:51:58-debug: asset-db-hook-engine-extends-afterRefresh (1ms)
2025-10-31 15:10:09-debug: refresh db internal success
2025-10-31 15:10:09-debug: refresh db assets success
2025-10-31 15:10:09-debug: Run asset db hook engine-extends:afterRefresh ...
2025-10-31 15:10:09-debug: Run asset db hook engine-extends:afterRefresh success!
2025-10-31 15:10:09-debug: asset-db:refresh-all-database (44ms)
2025-10-31 15:10:09-debug: asset-db:worker-effect-data-processing (1ms)
2025-10-31 15:10:09-debug: asset-db-hook-engine-extends-afterRefresh (1ms)
2025-10-31 15:10:16-debug: refresh db internal success
2025-10-31 15:10:16-debug: refresh db assets success
2025-10-31 15:10:16-debug: Run asset db hook engine-extends:afterRefresh ...
2025-10-31 15:10:16-debug: Run asset db hook engine-extends:afterRefresh success!
2025-10-31 15:10:16-debug: asset-db:refresh-all-database (40ms)
2025-10-31 15:11:03-debug: refresh db internal success
2025-10-31 15:11:03-debug: refresh db assets success
2025-10-31 15:11:03-debug: Run asset db hook engine-extends:afterRefresh ...
2025-10-31 15:11:03-debug: Run asset db hook engine-extends:afterRefresh success!
2025-10-31 15:11:03-debug: asset-db:refresh-all-database (57ms)
2025-10-31 15:11:13-debug: refresh db internal success
2025-10-31 15:11:13-debug: refresh db assets success
2025-10-31 15:11:13-debug: Run asset db hook engine-extends:afterRefresh ...
2025-10-31 15:11:13-debug: Run asset db hook engine-extends:afterRefresh success!
2025-10-31 15:11:13-debug: asset-db:refresh-all-database (155ms)
2025-10-31 15:11:13-debug: asset-db-hook-engine-extends-afterRefresh (1ms)
2025-10-31 15:11:56-debug: refresh db internal success
2025-10-31 15:11:56-debug: refresh db assets success
2025-10-31 15:11:56-debug: Run asset db hook engine-extends:afterRefresh ...
2025-10-31 15:11:56-debug: Run asset db hook engine-extends:afterRefresh success!
2025-10-31 15:11:56-debug: asset-db:refresh-all-database (49ms)
2025-10-31 15:11:56-debug: asset-db:worker-effect-data-processing (2ms)
2025-10-31 15:11:56-debug: asset-db-hook-engine-extends-afterRefresh (2ms)
2025-10-31 15:12:09-debug: refresh db internal success
2025-10-31 15:12:09-debug: refresh db assets success
2025-10-31 15:12:09-debug: Run asset db hook engine-extends:afterRefresh ...
2025-10-31 15:12:09-debug: Run asset db hook engine-extends:afterRefresh success!
2025-10-31 15:12:09-debug: asset-db:refresh-all-database (46ms)
2025-10-31 15:12:09-debug: asset-db:worker-effect-data-processing (2ms)
2025-10-31 15:12:09-debug: asset-db-hook-engine-extends-afterRefresh (2ms)
2025-10-31 15:12:21-debug: refresh db internal success
2025-10-31 15:12:21-debug: refresh db assets success
2025-10-31 15:12:21-debug: Run asset db hook engine-extends:afterRefresh ...
2025-10-31 15:12:21-debug: Run asset db hook engine-extends:afterRefresh success!
2025-10-31 15:12:21-debug: asset-db:refresh-all-database (52ms)
2025-10-31 15:12:21-debug: asset-db:worker-effect-data-processing (2ms)
2025-10-31 15:12:21-debug: asset-db-hook-engine-extends-afterRefresh (2ms)
2025-10-31 15:12:49-debug: refresh db internal success
2025-10-31 15:12:49-debug: refresh db assets success
2025-10-31 15:12:49-debug: Run asset db hook engine-extends:afterRefresh ...
2025-10-31 15:12:49-debug: Run asset db hook engine-extends:afterRefresh success!
2025-10-31 15:12:49-debug: asset-db:refresh-all-database (45ms)
2025-10-31 15:12:49-debug: asset-db:worker-effect-data-processing (2ms)
2025-10-31 15:12:49-debug: asset-db-hook-engine-extends-afterRefresh (2ms)
2025-10-31 15:15:35-debug: refresh db internal success
2025-10-31 15:15:35-debug: refresh db assets success
2025-10-31 15:15:35-debug: Run asset db hook engine-extends:afterRefresh success!
2025-10-31 15:15:35-debug: Run asset db hook engine-extends:afterRefresh ...
2025-10-31 15:15:35-debug: asset-db:refresh-all-database (48ms)
2025-10-31 15:15:35-debug: asset-db-hook-engine-extends-afterRefresh (1ms)
2025-10-31 15:16:05-debug: refresh db internal success
2025-10-31 15:16:05-debug: refresh db assets success
2025-10-31 15:16:05-debug: Run asset db hook engine-extends:afterRefresh ...
2025-10-31 15:16:05-debug: Run asset db hook engine-extends:afterRefresh success!
2025-10-31 15:16:05-debug: asset-db:refresh-all-database (51ms)
2025-10-31 15:16:05-debug: asset-db:worker-effect-data-processing (1ms)
2025-10-31 15:16:05-debug: asset-db-hook-engine-extends-afterRefresh (1ms)
2025-10-31 15:16:17-debug: refresh db internal success
2025-10-31 15:16:17-debug: refresh db assets success
2025-10-31 15:16:17-debug: Run asset db hook engine-extends:afterRefresh ...
2025-10-31 15:16:17-debug: Run asset db hook engine-extends:afterRefresh success!
2025-10-31 15:16:17-debug: asset-db:refresh-all-database (41ms)
2025-10-31 15:16:17-debug: asset-db:worker-effect-data-processing (1ms)
2025-10-31 15:16:17-debug: asset-db-hook-engine-extends-afterRefresh (1ms)
2025-10-31 15:16:28-debug: refresh db internal success
2025-10-31 15:16:28-debug: refresh db assets success
2025-10-31 15:16:28-debug: Run asset db hook engine-extends:afterRefresh ...
2025-10-31 15:16:28-debug: Run asset db hook engine-extends:afterRefresh success!
2025-10-31 15:16:28-debug: asset-db:refresh-all-database (52ms)
2025-10-31 15:16:28-debug: asset-db-hook-engine-extends-afterRefresh (2ms)
2025-10-31 15:16:28-debug: asset-db:worker-effect-data-processing (1ms)
2025-10-31 15:16:41-debug: refresh db internal success
2025-10-31 15:16:41-debug: refresh db assets success
2025-10-31 15:16:41-debug: Run asset db hook engine-extends:afterRefresh ...
2025-10-31 15:16:41-debug: Run asset db hook engine-extends:afterRefresh success!
2025-10-31 15:16:41-debug: asset-db:worker-effect-data-processing (1ms)
2025-10-31 15:16:41-debug: asset-db:refresh-all-database (41ms)
2025-10-31 15:16:41-debug: asset-db-hook-engine-extends-afterRefresh (1ms)
2025-10-31 15:19:03-debug: refresh db internal success
2025-10-31 15:19:03-debug: refresh db assets success
2025-10-31 15:19:03-debug: Run asset db hook engine-extends:afterRefresh success!
2025-10-31 15:19:03-debug: Run asset db hook engine-extends:afterRefresh ...
2025-10-31 15:19:03-debug: asset-db:refresh-all-database (43ms)
2025-10-31 15:19:03-debug: asset-db:worker-effect-data-processing (1ms)
2025-10-31 15:19:03-debug: asset-db-hook-engine-extends-afterRefresh (1ms)
2025-10-31 15:19:08-debug: refresh db internal success
2025-10-31 15:19:08-debug: refresh db assets success
2025-10-31 15:19:08-debug: Run asset db hook engine-extends:afterRefresh ...
2025-10-31 15:19:08-debug: Run asset db hook engine-extends:afterRefresh success!
2025-10-31 15:19:08-debug: asset-db:refresh-all-database (52ms)
2025-10-31 15:19:13-debug: refresh db internal success
2025-10-31 15:19:13-debug: refresh db assets success
2025-10-31 15:19:13-debug: Run asset db hook engine-extends:afterRefresh ...
2025-10-31 15:19:13-debug: Run asset db hook engine-extends:afterRefresh success!
2025-10-31 15:19:13-debug: asset-db:refresh-all-database (49ms)
2025-10-31 15:22:13-debug: refresh db internal success
2025-10-31 15:22:13-debug: refresh db assets success
2025-10-31 15:22:13-debug: Run asset db hook engine-extends:afterRefresh ...
2025-10-31 15:22:13-debug: Run asset db hook engine-extends:afterRefresh success!
2025-10-31 15:22:13-debug: asset-db:refresh-all-database (49ms)
2025-10-31 15:22:35-debug: refresh db internal success
2025-10-31 15:22:35-debug: refresh db assets success
2025-10-31 15:22:35-debug: Run asset db hook engine-extends:afterRefresh ...
2025-10-31 15:22:35-debug: Run asset db hook engine-extends:afterRefresh success!
2025-10-31 15:22:35-debug: asset-db:refresh-all-database (49ms)
2025-10-31 15:22:48-debug: refresh db internal success
2025-10-31 15:22:48-debug: refresh db assets success
2025-10-31 15:22:48-debug: Run asset db hook engine-extends:afterRefresh ...
2025-10-31 15:22:48-debug: Run asset db hook engine-extends:afterRefresh success!
2025-10-31 15:22:48-debug: asset-db:refresh-all-database (53ms)
2025-10-31 15:22:58-debug: refresh db internal success
2025-10-31 15:22:58-debug: refresh db assets success
2025-10-31 15:22:58-debug: Run asset db hook engine-extends:afterRefresh ...
2025-10-31 15:22:58-debug: Run asset db hook engine-extends:afterRefresh success!
2025-10-31 15:22:58-debug: asset-db:refresh-all-database (65ms)
2025-10-31 15:22:58-debug: asset-db-hook-engine-extends-afterRefresh (1ms)
2025-10-31 15:23:19-debug: refresh db internal success
2025-10-31 15:23:19-debug: refresh db assets success
2025-10-31 15:23:19-debug: Run asset db hook engine-extends:afterRefresh ...
2025-10-31 15:23:19-debug: Run asset db hook engine-extends:afterRefresh success!
2025-10-31 15:23:19-debug: asset-db:refresh-all-database (57ms)
2025-10-31 15:23:19-debug: asset-db:worker-effect-data-processing (1ms)
2025-10-31 15:23:19-debug: asset-db-hook-engine-extends-afterRefresh (1ms)
2025-10-31 15:23:41-debug: refresh db internal success
2025-10-31 15:23:41-debug: refresh db assets success
2025-10-31 15:23:41-debug: Run asset db hook engine-extends:afterRefresh ...
2025-10-31 15:23:41-debug: Run asset db hook engine-extends:afterRefresh success!
2025-10-31 15:23:41-debug: asset-db:refresh-all-database (52ms)
2025-10-31 15:23:44-debug: refresh db internal success
2025-10-31 15:23:44-debug: refresh db assets success
2025-10-31 15:23:44-debug: Run asset db hook engine-extends:afterRefresh ...
2025-10-31 15:23:44-debug: Run asset db hook engine-extends:afterRefresh success!
2025-10-31 15:23:44-debug: asset-db:refresh-all-database (58ms)
2025-10-31 15:23:44-debug: asset-db-hook-engine-extends-afterRefresh (1ms)
2025-10-31 15:24:20-debug: refresh db internal success
2025-10-31 15:24:20-debug: refresh db assets success
2025-10-31 15:24:20-debug: Run asset db hook engine-extends:afterRefresh ...
2025-10-31 15:24:20-debug: Run asset db hook engine-extends:afterRefresh success!
2025-10-31 15:24:20-debug: asset-db:refresh-all-database (45ms)
2025-10-31 15:24:20-debug: asset-db:worker-effect-data-processing (1ms)
2025-10-31 15:24:20-debug: asset-db-hook-engine-extends-afterRefresh (2ms)
2025-10-31 15:24:42-debug: Query all assets info in project
2025-10-31 15:24:42-debug: init custom config: keepNodeUuid: false, useCache: true
2025-10-31 15:24:42-debug: Query asset bundle start, progress: 0%
2025-10-31 15:24:42-debug: // ---- build task Query asset bundle ----
2025-10-31 15:24:42-debug:   Number of all scenes: 1
2025-10-31 15:24:42-debug: Query preload assets from cc.config.json: 60f7195c-ec2a-45eb-ba94-8955f60e81d0,1c02ae6f-4492-4915-b8f8-7492a3b1e4cd,810e96e4-e456-4468-9b59-f4e8f39732c0,efe8e2a3-eace-427b-b4f1-cb8a937ec77d,e9aa9a3e-5b2b-4ac7-a2c7-073de2b2b24f,8bbdbcdd-5cd4-4100-b6d5-b7c9625b6107,50f4348b-c883-4e2f-8f11-ce233b859fa1,fda095cb-831d-4601-ad94-846013963de8,f92806d7-1768-443f-afe8-12bcde84d0f0,dd3a144d-ab7f-41f0-82b8-2e43a090d496,f0416e68-0200-4b77-a926-4f9d16e494da,970b0598-bcb0-4714-91fb-2e81440dccd8,bcd64cc6-2dd9-43f6-abbe-66318d332032,d930590d-bb92-4cc8-8bd1-23cd027f9edf,a3cd009f-0ab0-420d-9278-b9fdab939bbc,c27215d8-6835-4b68-bfbb-bdeac6100c04,b5d6115f-0370-4d7c-aad3-c194cc71cf98,871c3b6c-7379-419d-bda3-794b239ab90d
2025-10-31 15:24:42-debug:   Number of all scripts: 7
2025-10-31 15:24:42-debug:   Number of other assets: 301
2025-10-31 15:24:42-debug: // ---- build task Query asset bundle ---- (12ms)
2025-10-31 15:24:42-debug: run build task Query asset bundle success in 12 ms√, progress: 5%
2025-10-31 15:24:42-debug: // ---- build task Query asset bundle ----
2025-10-31 15:24:42-debug: [Build Memory track]: Query asset bundle start:166.79MB, end 166.38MB, increase: -410.78KB
2025-10-31 15:24:42-debug: Query asset bundle start, progress: 5%
2025-10-31 15:24:42-debug: // ---- build task Query asset bundle ---- (5ms)
2025-10-31 15:24:42-debug: run build task Query asset bundle success in 5 ms√, progress: 10%
2025-10-31 15:24:42-debug: [Build Memory track]: Query asset bundle start:166.40MB, end 166.47MB, increase: 69.32KB
2025-10-31 15:24:42-debug: // ---- build task Sort some build options to settings.json ----
2025-10-31 15:24:42-debug: Sort some build options to settings.json start, progress: 10%
2025-10-31 15:24:42-debug: // ---- build task Sort some build options to settings.json ---- (1ms)
2025-10-31 15:24:42-debug: run build task Sort some build options to settings.json success in 1 ms√, progress: 12%
2025-10-31 15:24:42-debug: [Build Memory track]: Sort some build options to settings.json start:166.48MB, end 166.50MB, increase: 15.82KB
2025-10-31 15:24:42-debug: Fill script data to settings start, progress: 12%
2025-10-31 15:24:42-debug: // ---- build task Fill script data to settings ----
2025-10-31 15:24:42-debug: // ---- build task Fill script data to settings ---- (2ms)
2025-10-31 15:24:42-debug: run build task Fill script data to settings success in 2 ms√, progress: 13%
2025-10-31 15:24:42-debug: // ---- build task Sort some build options to settings.json ----
2025-10-31 15:24:42-debug: [Build Memory track]: Fill script data to settings start:166.51MB, end 166.53MB, increase: 19.24KB
2025-10-31 15:24:42-debug: Sort some build options to settings.json start, progress: 13%
2025-10-31 15:24:42-debug: // ---- build task Sort some build options to settings.json ---- (6ms)
2025-10-31 15:24:42-debug: run build task Sort some build options to settings.json success in 6 ms√, progress: 15%
2025-10-31 15:24:42-debug: [Build Memory track]: Sort some build options to settings.json start:166.55MB, end 166.67MB, increase: 125.61KB
2025-10-31 15:25:03-debug: refresh db internal success
2025-10-31 15:25:03-debug: Run asset db hook engine-extends:afterRefresh ...
2025-10-31 15:25:03-debug: Run asset db hook engine-extends:afterRefresh success!
2025-10-31 15:25:03-debug: refresh db assets success
2025-10-31 15:25:03-debug: asset-db:refresh-all-database (49ms)
2025-10-31 15:25:03-debug: asset-db:worker-effect-data-processing (1ms)
2025-10-31 15:25:03-debug: asset-db-hook-engine-extends-afterRefresh (1ms)
2025-10-31 15:28:53-debug: refresh db internal success
2025-10-31 15:28:53-debug: refresh db assets success
2025-10-31 15:28:53-debug: Run asset db hook engine-extends:afterRefresh ...
2025-10-31 15:28:53-debug: Run asset db hook engine-extends:afterRefresh success!
2025-10-31 15:28:53-debug: asset-db:refresh-all-database (45ms)
2025-10-31 15:28:53-debug: asset-db:worker-effect-data-processing (1ms)
2025-10-31 15:28:53-debug: asset-db-hook-engine-extends-afterRefresh (1ms)
2025-10-31 15:28:57-debug: refresh db internal success
2025-10-31 15:28:57-debug: refresh db assets success
2025-10-31 15:28:57-debug: Run asset db hook engine-extends:afterRefresh ...
2025-10-31 15:28:57-debug: Run asset db hook engine-extends:afterRefresh success!
2025-10-31 15:28:57-debug: asset-db:refresh-all-database (46ms)
2025-10-31 15:28:57-debug: asset-db-hook-engine-extends-afterRefresh (1ms)
2025-10-31 15:32:47-debug: refresh db internal success
2025-10-31 15:32:47-debug: refresh db assets success
2025-10-31 15:32:47-debug: Run asset db hook engine-extends:afterRefresh ...
2025-10-31 15:32:47-debug: Run asset db hook engine-extends:afterRefresh success!
2025-10-31 15:32:47-debug: asset-db:refresh-all-database (53ms)
2025-10-31 15:32:47-debug: asset-db:worker-effect-data-processing (2ms)
2025-10-31 15:32:47-debug: asset-db-hook-engine-extends-afterRefresh (2ms)
2025-10-31 15:35:03-debug: refresh db internal success
2025-10-31 15:35:03-debug: refresh db assets success
2025-10-31 15:35:03-debug: Run asset db hook engine-extends:afterRefresh ...
2025-10-31 15:35:03-debug: Run asset db hook engine-extends:afterRefresh success!
2025-10-31 15:35:03-debug: asset-db:refresh-all-database (52ms)
2025-10-31 15:35:03-debug: asset-db-hook-engine-extends-afterRefresh (2ms)
2025-10-31 15:35:51-debug: refresh db internal success
2025-10-31 15:35:51-debug: refresh db assets success
2025-10-31 15:35:51-debug: Run asset db hook engine-extends:afterRefresh ...
2025-10-31 15:35:51-debug: Run asset db hook engine-extends:afterRefresh success!
2025-10-31 15:35:51-debug: asset-db:refresh-all-database (61ms)
2025-10-31 15:35:51-debug: asset-db:worker-effect-data-processing (1ms)
2025-10-31 15:35:51-debug: asset-db-hook-engine-extends-afterRefresh (1ms)
2025-10-31 15:36:21-debug: refresh db internal success
2025-10-31 15:36:21-debug: refresh db assets success
2025-10-31 15:36:21-debug: Run asset db hook engine-extends:afterRefresh ...
2025-10-31 15:36:21-debug: Run asset db hook engine-extends:afterRefresh success!
2025-10-31 15:36:21-debug: asset-db:refresh-all-database (49ms)
2025-10-31 15:36:21-debug: asset-db:worker-effect-data-processing (1ms)
2025-10-31 15:36:21-debug: asset-db-hook-engine-extends-afterRefresh (1ms)
2025-10-31 15:36:36-debug: refresh db internal success
2025-10-31 15:36:36-debug: refresh db assets success
2025-10-31 15:36:36-debug: Run asset db hook engine-extends:afterRefresh ...
2025-10-31 15:36:36-debug: Run asset db hook engine-extends:afterRefresh success!
2025-10-31 15:36:36-debug: asset-db:refresh-all-database (58ms)
2025-10-31 15:36:36-debug: asset-db:worker-effect-data-processing (1ms)
2025-10-31 15:36:36-debug: asset-db-hook-engine-extends-afterRefresh (2ms)
2025-10-31 15:36:40-debug: start refresh asset from D:\workspace\cocosworkspace\dynamicListZip\assets\test\DynamicListTest.scene...
2025-10-31 15:36:40-debug: %cImport%c: D:\workspace\cocosworkspace\dynamicListZip\assets\test\DynamicListTest.scenebackground: #aaff85; color: #000;color: #000;
2025-10-31 15:36:40-debug: refresh asset D:\workspace\cocosworkspace\dynamicListZip\assets\test success
2025-10-31 15:36:46-debug: refresh db internal success
2025-10-31 15:36:46-debug: refresh db assets success
2025-10-31 15:36:46-debug: Run asset db hook engine-extends:afterRefresh ...
2025-10-31 15:36:46-debug: Run asset db hook engine-extends:afterRefresh success!
2025-10-31 15:36:46-debug: asset-db:refresh-all-database (103ms)
2025-10-31 15:36:46-debug: asset-db:worker-effect-data-processing (2ms)
2025-10-31 15:36:46-debug: asset-db-hook-engine-extends-afterRefresh (2ms)
2025-10-31 15:36:47-debug: start refresh asset from D:\workspace\cocosworkspace\dynamicListZip\assets\test\DynamicListTest.scene...
2025-10-31 15:36:47-debug: %cImport%c: D:\workspace\cocosworkspace\dynamicListZip\assets\test\DynamicListTest.scenebackground: #aaff85; color: #000;color: #000;
2025-10-31 15:36:47-debug: refresh asset D:\workspace\cocosworkspace\dynamicListZip\assets\test success
2025-10-31 15:36:49-debug: refresh db internal success
2025-10-31 15:36:49-debug: refresh db assets success
2025-10-31 15:36:49-debug: Run asset db hook engine-extends:afterRefresh ...
2025-10-31 15:36:49-debug: Run asset db hook engine-extends:afterRefresh success!
2025-10-31 15:36:49-debug: asset-db:refresh-all-database (37ms)
2025-10-31 15:36:49-debug: asset-db:worker-effect-data-processing (1ms)
2025-10-31 15:36:49-debug: asset-db-hook-engine-extends-afterRefresh (1ms)
2025-10-31 15:37:40-debug: refresh db internal success
2025-10-31 15:37:40-debug: refresh db assets success
2025-10-31 15:37:40-debug: Run asset db hook engine-extends:afterRefresh ...
2025-10-31 15:37:40-debug: Run asset db hook engine-extends:afterRefresh success!
2025-10-31 15:37:40-debug: asset-db:refresh-all-database (39ms)
2025-10-31 15:37:43-debug: refresh db internal success
2025-10-31 15:37:43-debug: refresh db assets success
2025-10-31 15:37:43-debug: Run asset db hook engine-extends:afterRefresh ...
2025-10-31 15:37:43-debug: Run asset db hook engine-extends:afterRefresh success!
2025-10-31 15:37:43-debug: asset-db:refresh-all-database (100ms)
2025-10-31 15:37:43-debug: asset-db-hook-engine-extends-afterRefresh (1ms)
2025-10-31 15:37:44-debug: Query all assets info in project
2025-10-31 15:37:44-debug: init custom config: keepNodeUuid: false, useCache: true
2025-10-31 15:37:44-debug: Query asset bundle start, progress: 0%
2025-10-31 15:37:44-debug: // ---- build task Query asset bundle ----
2025-10-31 15:37:44-debug: Query preload assets from cc.config.json: 60f7195c-ec2a-45eb-ba94-8955f60e81d0,1c02ae6f-4492-4915-b8f8-7492a3b1e4cd,810e96e4-e456-4468-9b59-f4e8f39732c0,efe8e2a3-eace-427b-b4f1-cb8a937ec77d,e9aa9a3e-5b2b-4ac7-a2c7-073de2b2b24f,8bbdbcdd-5cd4-4100-b6d5-b7c9625b6107,50f4348b-c883-4e2f-8f11-ce233b859fa1,fda095cb-831d-4601-ad94-846013963de8,f92806d7-1768-443f-afe8-12bcde84d0f0,dd3a144d-ab7f-41f0-82b8-2e43a090d496,f0416e68-0200-4b77-a926-4f9d16e494da,970b0598-bcb0-4714-91fb-2e81440dccd8,bcd64cc6-2dd9-43f6-abbe-66318d332032,d930590d-bb92-4cc8-8bd1-23cd027f9edf,a3cd009f-0ab0-420d-9278-b9fdab939bbc,c27215d8-6835-4b68-bfbb-bdeac6100c04,b5d6115f-0370-4d7c-aad3-c194cc71cf98,871c3b6c-7379-419d-bda3-794b239ab90d
2025-10-31 15:37:44-debug:   Number of all scenes: 1
2025-10-31 15:37:44-debug:   Number of other assets: 301
2025-10-31 15:37:44-debug:   Number of all scripts: 7
2025-10-31 15:37:44-debug: // ---- build task Query asset bundle ---- (6ms)
2025-10-31 15:37:44-debug: run build task Query asset bundle success in 6 ms√, progress: 5%
2025-10-31 15:37:44-debug: [Build Memory track]: Query asset bundle start:162.02MB, end 162.53MB, increase: 521.46KB
2025-10-31 15:37:44-debug: // ---- build task Query asset bundle ----
2025-10-31 15:37:44-debug: Query asset bundle start, progress: 5%
2025-10-31 15:37:44-debug: run build task Query asset bundle success in 3 ms√, progress: 10%
2025-10-31 15:37:44-debug: [Build Memory track]: Query asset bundle start:162.55MB, end 162.61MB, increase: 70.00KB
2025-10-31 15:37:44-debug: // ---- build task Sort some build options to settings.json ----
2025-10-31 15:37:44-debug: // ---- build task Query asset bundle ---- (3ms)
2025-10-31 15:37:44-debug: Sort some build options to settings.json start, progress: 10%
2025-10-31 15:37:44-debug: run build task Sort some build options to settings.json success in √, progress: 12%
2025-10-31 15:37:44-debug: [Build Memory track]: Sort some build options to settings.json start:162.63MB, end 162.64MB, increase: 14.00KB
2025-10-31 15:37:44-debug: // ---- build task Fill script data to settings ----
2025-10-31 15:37:44-debug: Fill script data to settings start, progress: 12%
2025-10-31 15:37:44-debug: run build task Fill script data to settings success in √, progress: 13%
2025-10-31 15:37:44-debug: [Build Memory track]: Fill script data to settings start:162.66MB, end 162.67MB, increase: 12.36KB
2025-10-31 15:37:44-debug: Sort some build options to settings.json start, progress: 13%
2025-10-31 15:37:44-debug: // ---- build task Sort some build options to settings.json ----
2025-10-31 15:37:44-debug: // ---- build task Sort some build options to settings.json ---- (4ms)
2025-10-31 15:37:44-debug: [Build Memory track]: Sort some build options to settings.json start:162.68MB, end 162.81MB, increase: 123.12KB
2025-10-31 15:37:44-debug: run build task Sort some build options to settings.json success in 4 ms√, progress: 15%
2025-10-31 15:37:50-debug: refresh db internal success
2025-10-31 15:37:50-debug: refresh db assets success
2025-10-31 15:37:50-debug: Run asset db hook engine-extends:afterRefresh ...
2025-10-31 15:37:50-debug: Run asset db hook engine-extends:afterRefresh success!
2025-10-31 15:37:50-debug: asset-db:refresh-all-database (41ms)
2025-10-31 17:55:24-debug: refresh db internal success
2025-10-31 17:55:24-debug: refresh db assets success
2025-10-31 17:55:24-debug: Run asset db hook engine-extends:afterRefresh ...
2025-10-31 17:55:24-debug: Run asset db hook engine-extends:afterRefresh success!
2025-10-31 17:55:24-debug: asset-db:refresh-all-database (211ms)
2025-10-31 17:55:24-debug: asset-db:worker-effect-data-processing (5ms)
2025-10-31 17:55:24-debug: asset-db-hook-engine-extends-afterRefresh (8ms)
2025-10-31 17:55:46-debug: start refresh asset from D:\workspace\cocosworkspace\dynamicListZip\assets\test\listItem.prefab...
2025-10-31 17:55:46-debug: %cImport%c: D:\workspace\cocosworkspace\dynamicListZip\assets\test\listItem.prefabbackground: #aaff85; color: #000;color: #000;
2025-10-31 17:55:46-debug: refresh asset D:\workspace\cocosworkspace\dynamicListZip\assets\test success
2025-10-31 17:55:51-debug: refresh db internal success
2025-10-31 17:55:51-debug: refresh db assets success
2025-10-31 17:55:51-debug: Run asset db hook engine-extends:afterRefresh ...
2025-10-31 17:55:51-debug: Run asset db hook engine-extends:afterRefresh success!
2025-10-31 17:55:51-debug: asset-db:refresh-all-database (50ms)
2025-10-31 17:55:51-debug: asset-db:worker-effect-data-processing (1ms)
2025-10-31 17:55:51-debug: asset-db-hook-engine-extends-afterRefresh (1ms)
2025-10-31 17:56:07-debug: refresh db internal success
2025-10-31 17:56:07-debug: refresh db assets success
2025-10-31 17:56:07-debug: Run asset db hook engine-extends:afterRefresh ...
2025-10-31 17:56:07-debug: Run asset db hook engine-extends:afterRefresh success!
2025-10-31 17:56:07-debug: asset-db:worker-effect-data-processing (1ms)
2025-10-31 17:56:07-debug: asset-db-hook-engine-extends-afterRefresh (1ms)
2025-10-31 17:56:07-debug: asset-db:refresh-all-database (73ms)
2025-10-31 17:56:20-debug: refresh db internal success
2025-10-31 17:56:20-debug: refresh db assets success
2025-10-31 17:56:20-debug: Run asset db hook engine-extends:afterRefresh ...
2025-10-31 17:56:20-debug: Run asset db hook engine-extends:afterRefresh success!
2025-10-31 17:56:20-debug: asset-db:refresh-all-database (67ms)
2025-10-31 17:56:20-debug: asset-db:worker-effect-data-processing (1ms)
2025-10-31 17:56:20-debug: asset-db-hook-engine-extends-afterRefresh (2ms)
2025-10-31 17:57:05-debug: refresh db internal success
2025-10-31 17:57:05-debug: refresh db assets success
2025-10-31 17:57:05-debug: Run asset db hook engine-extends:afterRefresh ...
2025-10-31 17:57:05-debug: Run asset db hook engine-extends:afterRefresh success!
2025-10-31 17:57:05-debug: asset-db:refresh-all-database (95ms)
2025-10-31 17:57:05-debug: asset-db:worker-effect-data-processing (1ms)
2025-10-31 17:57:05-debug: asset-db-hook-engine-extends-afterRefresh (1ms)
2025-10-31 17:57:28-debug: refresh db internal success
2025-10-31 17:57:28-debug: refresh db assets success
2025-10-31 17:57:28-debug: Run asset db hook engine-extends:afterRefresh ...
2025-10-31 17:57:28-debug: Run asset db hook engine-extends:afterRefresh success!
2025-10-31 17:57:28-debug: asset-db:refresh-all-database (76ms)
2025-10-31 17:57:28-debug: asset-db:worker-effect-data-processing (2ms)
2025-10-31 17:57:28-debug: asset-db-hook-engine-extends-afterRefresh (2ms)
2025-10-31 17:58:45-debug: refresh db internal success
2025-10-31 17:58:45-debug: refresh db assets success
2025-10-31 17:58:45-debug: Run asset db hook engine-extends:afterRefresh ...
2025-10-31 17:58:45-debug: Run asset db hook engine-extends:afterRefresh success!
2025-10-31 17:58:45-debug: asset-db:refresh-all-database (102ms)
2025-10-31 18:01:36-debug: refresh db internal success
2025-10-31 18:01:36-debug: refresh db assets success
2025-10-31 18:01:36-debug: Run asset db hook engine-extends:afterRefresh ...
2025-10-31 18:01:36-debug: Run asset db hook engine-extends:afterRefresh success!
2025-10-31 18:01:36-debug: asset-db:refresh-all-database (65ms)
2025-10-31 18:01:36-debug: asset-db:worker-effect-data-processing (2ms)
2025-10-31 18:01:36-debug: asset-db-hook-engine-extends-afterRefresh (2ms)
2025-10-31 18:02:03-debug: refresh db internal success
2025-10-31 18:02:03-debug: refresh db assets success
2025-10-31 18:02:03-debug: Run asset db hook engine-extends:afterRefresh ...
2025-10-31 18:02:03-debug: Run asset db hook engine-extends:afterRefresh success!
2025-10-31 18:02:03-debug: asset-db:refresh-all-database (42ms)
2025-10-31 18:02:03-debug: asset-db:worker-effect-data-processing (2ms)
2025-10-31 18:02:03-debug: asset-db-hook-engine-extends-afterRefresh (2ms)
2025-10-31 18:19:57-debug: refresh db internal success
2025-10-31 18:19:57-debug: refresh db assets success
2025-10-31 18:19:57-debug: Run asset db hook engine-extends:afterRefresh ...
2025-10-31 18:19:57-debug: Run asset db hook engine-extends:afterRefresh success!
2025-10-31 18:19:57-debug: asset-db:refresh-all-database (95ms)
2025-10-31 18:19:57-debug: asset-db:worker-effect-data-processing (1ms)
2025-10-31 18:19:57-debug: asset-db-hook-engine-extends-afterRefresh (2ms)
2025-10-31 18:20:11-debug: refresh db internal success
2025-10-31 18:20:11-debug: refresh db assets success
2025-10-31 18:20:11-debug: Run asset db hook engine-extends:afterRefresh ...
2025-10-31 18:20:11-debug: Run asset db hook engine-extends:afterRefresh success!
2025-10-31 18:20:11-debug: asset-db:refresh-all-database (50ms)
2025-10-31 18:20:11-debug: asset-db:worker-effect-data-processing (1ms)
2025-10-31 18:20:11-debug: asset-db-hook-engine-extends-afterRefresh (1ms)
2025-10-31 18:20:20-debug: refresh db internal success
2025-10-31 18:20:20-debug: refresh db assets success
2025-10-31 18:20:20-debug: Run asset db hook engine-extends:afterRefresh ...
2025-10-31 18:20:20-debug: Run asset db hook engine-extends:afterRefresh success!
2025-10-31 18:20:20-debug: asset-db:refresh-all-database (43ms)
2025-10-31 18:20:20-debug: asset-db-hook-engine-extends-afterRefresh (1ms)
2025-10-31 18:20:23-debug: refresh db internal success
2025-10-31 18:20:23-debug: refresh db assets success
2025-10-31 18:20:23-debug: Run asset db hook engine-extends:afterRefresh ...
2025-10-31 18:20:23-debug: Run asset db hook engine-extends:afterRefresh success!
2025-10-31 18:20:23-debug: asset-db:refresh-all-database (83ms)
2025-10-31 18:20:23-debug: asset-db:worker-effect-data-processing (1ms)
2025-10-31 18:20:23-debug: asset-db-hook-engine-extends-afterRefresh (1ms)
2025-10-31 18:20:34-debug: refresh db internal success
2025-10-31 18:20:34-debug: refresh db assets success
2025-10-31 18:20:34-debug: Run asset db hook engine-extends:afterRefresh ...
2025-10-31 18:20:34-debug: Run asset db hook engine-extends:afterRefresh success!
2025-10-31 18:20:34-debug: asset-db:refresh-all-database (44ms)
